#
# There is insufficient memory for the Java Runtime Environment to continue.
# Native memory allocation (malloc) failed to allocate 2009232 bytes for Chunk::new
# Possible reasons:
#   The system is out of physical RAM or swap space
#   The process is running with CompressedOops enabled, and the Java Heap may be blocking the growth of the native heap
# Possible solutions:
#   Reduce memory load on the system
#   Increase physical memory or swap space
#   Check if swap backing store is full
#   Decrease Java heap size (-Xmx/-Xms)
#   Decrease number of Java threads
#   Decrease Java thread stack sizes (-Xss)
#   Set larger code cache with -XX:ReservedCodeCacheSize=
#   JVM is running with Unscaled Compressed Oops mode in which the Java heap is
#     placed in the first 4GB address space. The Java Heap base address is the
#     maximum limit for the native heap growth. Please use -XX:HeapBaseMinAddress
#     to set the Java Heap base and to place the Java Heap above 4GB virtual address.
# This output file may be truncated or incomplete.
#
#  Out of Memory Error (arena.cpp:195), pid=18284, tid=7060
#
# JRE version: OpenJDK Runtime Environment (16.0.2+7) (build 16.0.2+7-67)
# Java VM: OpenJDK 64-Bit Server VM (16.0.2+7-67, mixed mode, sharing, tiered, compressed oops, compressed class ptrs, g1 gc, windows-amd64)
# No core dump will be written. Minidumps are not enabled by default on client versions of Windows
#

---------------  S U M M A R Y ------------

Command Line: --add-opens=java.base/java.util=ALL-UNNAMED --add-opens=java.base/java.lang=ALL-UNNAMED --add-opens=java.base/java.lang.invoke=ALL-UNNAMED --add-opens=java.base/java.util=ALL-UNNAMED --add-opens=java.prefs/java.util.prefs=ALL-UNNAMED --add-opens=java.prefs/java.util.prefs=ALL-UNNAMED --add-opens=java.base/java.nio.charset=ALL-UNNAMED --add-opens=java.base/java.net=ALL-UNNAMED --add-opens=java.base/java.util.concurrent.atomic=ALL-UNNAMED -XX:MaxMetaspaceSize=256m -XX:+HeapDumpOnOutOfMemoryError -Xms256m -Xmx512m -Dfile.encoding=windows-1252 -Duser.country=419 -Duser.language=es -Duser.variant org.gradle.launcher.daemon.bootstrap.GradleDaemon 7.2

Host: Intel(R) Core(TM) i5-7300HQ CPU @ 2.50GHz, 4 cores, 7G,  Windows 10 , 64 bit Build 22000 (10.0.22000.120)
Time: Mon Nov  1 20:31:17 2021 Hora estándar de Montevideo elapsed time: 302.331885 seconds (0d 0h 5m 2s)

---------------  T H R E A D  ---------------

Current thread (0x00000230f63e8a60):  JavaThread "C2 CompilerThread0" daemon [_thread_in_native, id=7060, stack(0x00000078bef00000,0x00000078bf000000)]


Current CompileTask:
C2: 302331 8616   !   4       io.spring.gradle.dependencymanagement.org.codehaus.plexus.interpolation.StringSearchInterpolator::interpolate (665 bytes)

Stack: [0x00000078bef00000,0x00000078bf000000]
Native frames: (J=compiled Java code, j=interpreted, Vv=VM code, C=native code)
V  [jvm.dll+0x6681ca]
V  [jvm.dll+0x7c9e69]
V  [jvm.dll+0x7cb61e]
V  [jvm.dll+0x7cbc73]
V  [jvm.dll+0x242c55]
V  [jvm.dll+0xadeba]
V  [jvm.dll+0xae45c]
V  [jvm.dll+0x35a8d7]
V  [jvm.dll+0x324de1]
V  [jvm.dll+0x32428a]
V  [jvm.dll+0x215cec]
V  [jvm.dll+0x215100]
V  [jvm.dll+0x1a1beb]
V  [jvm.dll+0x225158]
V  [jvm.dll+0x22319c]
V  [jvm.dll+0x77fa62]
V  [jvm.dll+0x7795aa]
V  [jvm.dll+0x667066]
C  [ucrtbase.dll+0x26c0c]
C  [KERNEL32.DLL+0x154e0]
C  [ntdll.dll+0x485b]


---------------  P R O C E S S  ---------------

Threads class SMR info:
_java_thread_list=0x00000230fab38130, length=84, elements={
0x00000230dc493ff0, 0x00000230f63ab700, 0x00000230f63ad3d0, 0x00000230f63c0d20,
0x00000230f63c1630, 0x00000230f63c1f40, 0x00000230f63c4860, 0x00000230f63e8a60,
0x00000230f63e9460, 0x00000230f63f41d0, 0x00000230f70e3400, 0x00000230f70e9b90,
0x00000230f804b350, 0x00000230f8618700, 0x00000230f83f4380, 0x00000230f7faffa0,
0x00000230f7fb0a40, 0x00000230f7fb04f0, 0x00000230f7fadfc0, 0x00000230f7fae510,
0x00000230f9b15ac0, 0x00000230f9b17550, 0x00000230f9b115b0, 0x00000230f9b17ff0,
0x00000230f9b17aa0, 0x00000230f9b16ab0, 0x00000230fae94a20, 0x00000230fae90fb0,
0x00000230fae91500, 0x00000230fae91a50, 0x00000230fae8e530, 0x00000230fae954c0,
0x00000230fae93f80, 0x00000230fae91fa0, 0x00000230fae90510, 0x00000230fae934e0,
0x00000230fae92a40, 0x00000230fae93a30, 0x00000230fae944d0, 0x00000230fae95a10,
0x00000230fae8ea80, 0x00000230fae8dfe0, 0x00000230fae8efd0, 0x00000230f9b125a0,
0x00000230f9b11b00, 0x00000230f9b15020, 0x00000230f9b17000, 0x00000230f9b13ae0,
0x00000230f9b18a90, 0x00000230f9b18540, 0x00000230f9b11060, 0x00000230f9b12af0,
0x00000230f9b13040, 0x00000230f9b13590, 0x00000230f9b14030, 0x00000230f9b14580,
0x00000230f7faea60, 0x00000230f7faefb0, 0x00000230f7fafa50, 0x00000230f7faf500,
0x00000230f7fad520, 0x00000230f7fada70, 0x00000230faece500, 0x00000230faecfa40,
0x00000230faec8ab0, 0x00000230faecb530, 0x00000230faecea50, 0x00000230faecba80,
0x00000230faecca70, 0x00000230faecbfd0, 0x00000230faeccfc0, 0x00000230faec8560,
0x00000230faecc520, 0x00000230faec9ff0, 0x00000230faec9aa0, 0x00000230faecdfb0,
0x00000230faecd510, 0x00000230faecefa0, 0x00000230faecda60, 0x00000230faecf4f0,
0x00000230faec8010, 0x00000230faec9000, 0x00000230faec9550, 0x00000230faeca540
}

Java Threads: ( => current thread )
  0x00000230dc493ff0 JavaThread "main" [_thread_blocked, id=15472, stack(0x00000078be200000,0x00000078be300000)]
  0x00000230f63ab700 JavaThread "Reference Handler" daemon [_thread_blocked, id=9532, stack(0x00000078be900000,0x00000078bea00000)]
  0x00000230f63ad3d0 JavaThread "Finalizer" daemon [_thread_blocked, id=4736, stack(0x00000078bea00000,0x00000078beb00000)]
  0x00000230f63c0d20 JavaThread "Signal Dispatcher" daemon [_thread_blocked, id=9760, stack(0x00000078beb00000,0x00000078bec00000)]
  0x00000230f63c1630 JavaThread "Attach Listener" daemon [_thread_blocked, id=7472, stack(0x00000078bec00000,0x00000078bed00000)]
  0x00000230f63c1f40 JavaThread "Service Thread" daemon [_thread_blocked, id=8576, stack(0x00000078bed00000,0x00000078bee00000)]
  0x00000230f63c4860 JavaThread "Monitor Deflation Thread" daemon [_thread_blocked, id=17888, stack(0x00000078bee00000,0x00000078bef00000)]
=>0x00000230f63e8a60 JavaThread "C2 CompilerThread0" daemon [_thread_in_native, id=7060, stack(0x00000078bef00000,0x00000078bf000000)]
  0x00000230f63e9460 JavaThread "C1 CompilerThread0" daemon [_thread_blocked, id=19240, stack(0x00000078bf000000,0x00000078bf100000)]
  0x00000230f63f41d0 JavaThread "Sweeper thread" daemon [_thread_blocked, id=4440, stack(0x00000078bf100000,0x00000078bf200000)]
  0x00000230f70e3400 JavaThread "Common-Cleaner" daemon [_thread_blocked, id=2720, stack(0x00000078bf200000,0x00000078bf300000)]
  0x00000230f70e9b90 JavaThread "Notification Thread" daemon [_thread_blocked, id=9036, stack(0x00000078bf300000,0x00000078bf400000)]
  0x00000230f804b350 JavaThread "Daemon health stats" [_thread_blocked, id=19504, stack(0x00000078bf800000,0x00000078bf900000)]
  0x00000230f8618700 JavaThread "Incoming local TCP Connector on port 49951" [_thread_in_native, id=19512, stack(0x00000078bf900000,0x00000078bfa00000)]
  0x00000230f83f4380 JavaThread "Daemon periodic checks" [_thread_blocked, id=19516, stack(0x00000078bfa00000,0x00000078bfb00000)]
  0x00000230f7faffa0 JavaThread "Cache worker for journal cache (C:\Users\lujum\.gradle\caches\journal-1)" [_thread_blocked, id=19564, stack(0x00000078c0200000,0x00000078c0300000)]
  0x00000230f7fb0a40 JavaThread "File lock request listener" [_thread_in_native, id=19568, stack(0x00000078c0300000,0x00000078c0400000)]
  0x00000230f7fb04f0 JavaThread "Cache worker for file hash cache (C:\Users\lujum\.gradle\caches\7.2\fileHashes)" [_thread_blocked, id=19572, stack(0x00000078c0400000,0x00000078c0500000)]
  0x00000230f7fadfc0 JavaThread "File watcher server" daemon [_thread_in_native, id=19600, stack(0x00000078c0600000,0x00000078c0700000)]
  0x00000230f7fae510 JavaThread "File watcher consumer" daemon [_thread_blocked, id=19604, stack(0x00000078c0700000,0x00000078c0800000)]
  0x00000230f9b15ac0 JavaThread "Cache worker for execution history cache (C:\Users\lujum\.gradle\caches\7.2\executionHistory)" [_thread_blocked, id=19620, stack(0x00000078c0b00000,0x00000078c0c00000)]
  0x00000230f9b17550 JavaThread "jar transforms" [_thread_blocked, id=19624, stack(0x00000078c0c00000,0x00000078c0d00000)]
  0x00000230f9b115b0 JavaThread "jar transforms Thread 2" [_thread_blocked, id=19628, stack(0x00000078c0d00000,0x00000078c0e00000)]
  0x00000230f9b17ff0 JavaThread "Cache worker for file content cache (C:\Users\lujum\.gradle\caches\7.2\fileContent)" [_thread_blocked, id=19648, stack(0x00000078c0e00000,0x00000078c0f00000)]
  0x00000230f9b17aa0 JavaThread "jar transforms Thread 3" [_thread_blocked, id=19652, stack(0x00000078c0f00000,0x00000078c1000000)]
  0x00000230f9b16ab0 JavaThread "jar transforms Thread 4" [_thread_blocked, id=19656, stack(0x00000078c1000000,0x00000078c1100000)]
  0x00000230fae94a20 JavaThread "Memory manager" [_thread_blocked, id=19864, stack(0x00000078c3600000,0x00000078c3700000)]
  0x00000230fae90fb0 JavaThread "Daemon Thread 2" [_thread_blocked, id=19940, stack(0x00000078bdf00000,0x00000078be000000)]
  0x00000230fae91500 JavaThread "Handler for socket connection from /127.0.0.1:49951 to /127.0.0.1:51963" [_thread_in_native, id=16276, stack(0x00000078be000000,0x00000078be100000)]
  0x00000230fae91a50 JavaThread "Cancel handler" [_thread_blocked, id=19788, stack(0x00000078be100000,0x00000078be200000)]
  0x00000230fae8e530 JavaThread "Daemon worker Thread 2" [_thread_in_native, id=19672, stack(0x00000078bfb00000,0x00000078bfc00000)]
  0x00000230fae954c0 JavaThread "Asynchronous log dispatcher for DefaultDaemonConnection: socket connection from /127.0.0.1:49951 to /127.0.0.1:51963" [_thread_blocked, id=6388, stack(0x00000078bfc00000,0x00000078bfd00000)]
  0x00000230fae93f80 JavaThread "Stdin handler" [_thread_blocked, id=12168, stack(0x00000078bfd00000,0x00000078bfe00000)]
  0x00000230fae91fa0 JavaThread "Daemon client event forwarder" [_thread_blocked, id=6980, stack(0x00000078bfe00000,0x00000078bff00000)]
  0x00000230fae90510 JavaThread "Cache worker for file hash cache (C:\Users\lujum\Documents\GitHub\Tic1\.gradle\7.2\fileHashes)" [_thread_blocked, id=9648, stack(0x00000078bff00000,0x00000078c0000000)]
  0x00000230fae934e0 JavaThread "Cache worker for checksums cache (C:\Users\lujum\Documents\GitHub\Tic1\.gradle\checksums)" [_thread_blocked, id=8072, stack(0x00000078c0000000,0x00000078c0100000)]
  0x00000230fae92a40 JavaThread "Cache worker for cache directory md-supplier (C:\Users\lujum\.gradle\caches\7.2\md-supplier)" [_thread_blocked, id=19808, stack(0x00000078c0100000,0x00000078c0200000)]
  0x00000230fae93a30 JavaThread "Cache worker for cache directory md-rule (C:\Users\lujum\.gradle\caches\7.2\md-rule)" [_thread_blocked, id=19720, stack(0x00000078c0500000,0x00000078c0600000)]
  0x00000230fae944d0 JavaThread "Cache worker for dependencies-accessors (C:\Users\lujum\Documents\GitHub\Tic1\.gradle\7.2\dependencies-accessors)" [_thread_blocked, id=19764, stack(0x00000078c0800000,0x00000078c0900000)]
  0x00000230fae95a10 JavaThread "Cache worker for Build Output Cleanup Cache (C:\Users\lujum\Documents\GitHub\Tic1\.gradle\buildOutputCleanup)" [_thread_blocked, id=15188, stack(0x00000078c0900000,0x00000078c0a00000)]
  0x00000230fae8ea80 JavaThread "Unconstrained build operations" [_thread_blocked, id=15752, stack(0x00000078c0a00000,0x00000078c0b00000)]
  0x00000230fae8dfe0 JavaThread "Unconstrained build operations Thread 2" [_thread_blocked, id=7460, stack(0x00000078c1100000,0x00000078c1200000)]
  0x00000230fae8efd0 JavaThread "Unconstrained build operations Thread 3" [_thread_blocked, id=18480, stack(0x00000078c1200000,0x00000078c1300000)]
  0x00000230f9b125a0 JavaThread "Unconstrained build operations Thread 4" [_thread_blocked, id=4820, stack(0x00000078c1300000,0x00000078c1400000)]
  0x00000230f9b11b00 JavaThread "Unconstrained build operations Thread 5" [_thread_blocked, id=16912, stack(0x00000078c1400000,0x00000078c1500000)]
  0x00000230f9b15020 JavaThread "Unconstrained build operations Thread 6" [_thread_blocked, id=1824, stack(0x00000078c1500000,0x00000078c1600000)]
  0x00000230f9b17000 JavaThread "Unconstrained build operations Thread 7" [_thread_blocked, id=19548, stack(0x00000078c1600000,0x00000078c1700000)]
  0x00000230f9b13ae0 JavaThread "Unconstrained build operations Thread 8" [_thread_blocked, id=19496, stack(0x00000078c1700000,0x00000078c1800000)]
  0x00000230f9b18a90 JavaThread "Unconstrained build operations Thread 9" [_thread_blocked, id=19576, stack(0x00000078c1800000,0x00000078c1900000)]
  0x00000230f9b18540 JavaThread "Unconstrained build operations Thread 10" [_thread_blocked, id=5600, stack(0x00000078c1900000,0x00000078c1a00000)]
  0x00000230f9b11060 JavaThread "Unconstrained build operations Thread 11" [_thread_blocked, id=20404, stack(0x00000078c1a00000,0x00000078c1b00000)]
  0x00000230f9b12af0 JavaThread "Unconstrained build operations Thread 12" [_thread_blocked, id=4512, stack(0x00000078c1b00000,0x00000078c1c00000)]
  0x00000230f9b13040 JavaThread "Unconstrained build operations Thread 13" [_thread_blocked, id=11524, stack(0x00000078c1c00000,0x00000078c1d00000)]
  0x00000230f9b13590 JavaThread "Unconstrained build operations Thread 14" [_thread_blocked, id=3984, stack(0x00000078c1d00000,0x00000078c1e00000)]
  0x00000230f9b14030 JavaThread "Unconstrained build operations Thread 15" [_thread_blocked, id=788, stack(0x00000078c1e00000,0x00000078c1f00000)]
  0x00000230f9b14580 JavaThread "Unconstrained build operations Thread 16" [_thread_blocked, id=19380, stack(0x00000078c1f00000,0x00000078c2000000)]
  0x00000230f7faea60 JavaThread "Unconstrained build operations Thread 17" [_thread_blocked, id=20180, stack(0x00000078c2000000,0x00000078c2100000)]
  0x00000230f7faefb0 JavaThread "Unconstrained build operations Thread 18" [_thread_blocked, id=12824, stack(0x00000078c2100000,0x00000078c2200000)]
  0x00000230f7fafa50 JavaThread "Unconstrained build operations Thread 19" [_thread_blocked, id=6344, stack(0x00000078c2200000,0x00000078c2300000)]
  0x00000230f7faf500 JavaThread "Unconstrained build operations Thread 20" [_thread_blocked, id=19544, stack(0x00000078c2300000,0x00000078c2400000)]
  0x00000230f7fad520 JavaThread "Unconstrained build operations Thread 21" [_thread_blocked, id=13812, stack(0x00000078c2400000,0x00000078c2500000)]
  0x00000230f7fada70 JavaThread "Unconstrained build operations Thread 22" [_thread_blocked, id=9108, stack(0x00000078c2500000,0x00000078c2600000)]
  0x00000230faece500 JavaThread "Unconstrained build operations Thread 23" [_thread_blocked, id=13496, stack(0x00000078c2600000,0x00000078c2700000)]
  0x00000230faecfa40 JavaThread "Unconstrained build operations Thread 24" [_thread_blocked, id=20444, stack(0x00000078c2700000,0x00000078c2800000)]
  0x00000230faec8ab0 JavaThread "Unconstrained build operations Thread 25" [_thread_blocked, id=3688, stack(0x00000078c2800000,0x00000078c2900000)]
  0x00000230faecb530 JavaThread "Unconstrained build operations Thread 26" [_thread_blocked, id=5892, stack(0x00000078c2900000,0x00000078c2a00000)]
  0x00000230faecea50 JavaThread "Unconstrained build operations Thread 27" [_thread_blocked, id=16568, stack(0x00000078c2a00000,0x00000078c2b00000)]
  0x00000230faecba80 JavaThread "Unconstrained build operations Thread 28" [_thread_blocked, id=1492, stack(0x00000078c2b00000,0x00000078c2c00000)]
  0x00000230faecca70 JavaThread "Unconstrained build operations Thread 29" [_thread_blocked, id=15636, stack(0x00000078c2c00000,0x00000078c2d00000)]
  0x00000230faecbfd0 JavaThread "Unconstrained build operations Thread 30" [_thread_blocked, id=6936, stack(0x00000078c2d00000,0x00000078c2e00000)]
  0x00000230faeccfc0 JavaThread "Unconstrained build operations Thread 31" [_thread_blocked, id=13532, stack(0x00000078c2e00000,0x00000078c2f00000)]
  0x00000230faec8560 JavaThread "Unconstrained build operations Thread 32" [_thread_blocked, id=2692, stack(0x00000078c2f00000,0x00000078c3000000)]
  0x00000230faecc520 JavaThread "Unconstrained build operations Thread 33" [_thread_blocked, id=16216, stack(0x00000078c3000000,0x00000078c3100000)]
  0x00000230faec9ff0 JavaThread "Unconstrained build operations Thread 34" [_thread_blocked, id=17544, stack(0x00000078c3100000,0x00000078c3200000)]
  0x00000230faec9aa0 JavaThread "Unconstrained build operations Thread 35" [_thread_blocked, id=3208, stack(0x00000078c3200000,0x00000078c3300000)]
  0x00000230faecdfb0 JavaThread "Execution worker for ':'" [_thread_blocked, id=11764, stack(0x00000078c3300000,0x00000078c3400000)]
  0x00000230faecd510 JavaThread "Execution worker for ':' Thread 2" [_thread_blocked, id=19372, stack(0x00000078c3400000,0x00000078c3500000)]
  0x00000230faecefa0 JavaThread "Execution worker for ':' Thread 3" [_thread_blocked, id=7628, stack(0x00000078c3500000,0x00000078c3600000)]
  0x00000230faecda60 JavaThread "Cache worker for execution history cache (C:\Users\lujum\Documents\GitHub\Tic1\.gradle\7.2\executionHistory)" [_thread_blocked, id=9756, stack(0x00000078c3700000,0x00000078c3800000)]
  0x00000230faecf4f0 JavaThread "Unconstrained build operations Thread 36" [_thread_blocked, id=2828, stack(0x00000078c3800000,0x00000078c3900000)]
  0x00000230faec8010 JavaThread "Unconstrained build operations Thread 37" [_thread_blocked, id=19012, stack(0x00000078c3900000,0x00000078c3a00000)]
  0x00000230faec9000 JavaThread "Unconstrained build operations Thread 38" [_thread_blocked, id=14932, stack(0x00000078c3a00000,0x00000078c3b00000)]
  0x00000230faec9550 JavaThread "Unconstrained build operations Thread 39" [_thread_blocked, id=16148, stack(0x00000078c3d00000,0x00000078c3e00000)]
  0x00000230faeca540 JavaThread "Unconstrained build operations Thread 40" [_thread_blocked, id=14980, stack(0x00000078c3e00000,0x00000078c3f00000)]

Other Threads:
  0x00000230f63a5f00 VMThread "VM Thread" [stack: 0x00000078be800000,0x00000078be900000] [id=10232]
  0x00000230f70ec0c0 WatcherThread [stack: 0x00000078bf400000,0x00000078bf500000] [id=13692]
  0x00000230dc4b89b0 GCTaskThread "GC Thread#0" [stack: 0x00000078be300000,0x00000078be400000] [id=10488]
  0x00000230f77ce3d0 GCTaskThread "GC Thread#1" [stack: 0x00000078bf500000,0x00000078bf600000] [id=18204]
  0x00000230f77ce6e0 GCTaskThread "GC Thread#2" [stack: 0x00000078bf600000,0x00000078bf700000] [id=16312]
  0x00000230f77ce9f0 GCTaskThread "GC Thread#3" [stack: 0x00000078bf700000,0x00000078bf800000] [id=7636]
  0x00000230dc4bd8f0 ConcurrentGCThread "G1 Main Marker" [stack: 0x00000078be400000,0x00000078be500000] [id=10044]
  0x00000230dc4bfa10 ConcurrentGCThread "G1 Conc#0" [stack: 0x00000078be500000,0x00000078be600000] [id=19208]
  0x00000230dc56e0e0 ConcurrentGCThread "G1 Refine#0" [stack: 0x00000078be600000,0x00000078be700000] [id=19224]
  0x00000230f76b6630 ConcurrentGCThread "G1 Refine#1" [stack: 0x00000078c3b00000,0x00000078c3c00000] [id=19896]
  0x00000230f76b6970 ConcurrentGCThread "G1 Refine#2" [stack: 0x00000078c3c00000,0x00000078c3d00000] [id=19900]
  0x00000230dc56ea60 ConcurrentGCThread "G1 Service" [stack: 0x00000078be700000,0x00000078be800000] [id=16088]

Threads with active compile tasks:
C2 CompilerThread0   302379 8616   !   4       io.spring.gradle.dependencymanagement.org.codehaus.plexus.interpolation.StringSearchInterpolator::interpolate (665 bytes)

VM state: not at safepoint (normal execution)

VM Mutex/Monitor currently owned by a thread: None

Heap address: 0x00000000e0000000, size: 512 MB, Compressed Oops mode: 32-bit

CDS archive(s) mapped at: [0x0000000800000000-0x0000000800bb0000-0x0000000800bb0000), size 12255232, SharedBaseAddress: 0x0000000800000000, ArchiveRelocationMode: 0.
Compressed class space mapped at: 0x0000000800c00000-0x000000080dc00000, reserved size: 218103808
Narrow klass base: 0x0000000800000000, Narrow klass shift: 3, Narrow klass range: 0x100000000

GC Precious Log:
 CPUs: 4 total, 4 available
 Memory: 8071M
 Large Page Support: Disabled
 NUMA Support: Disabled
 Compressed Oops: Enabled (32-bit)
 Heap Region Size: 1M
 Heap Min Capacity: 256M
 Heap Initial Capacity: 256M
 Heap Max Capacity: 512M
 Pre-touch: Disabled
 Parallel Workers: 4
 Concurrent Workers: 1
 Concurrent Refinement Workers: 4
 Periodic GC: Disabled

Heap:
 garbage-first heap   total 262144K, used 88317K [0x00000000e0000000, 0x0000000100000000)
  region size 1024K, 60 young (61440K), 16 survivors (16384K)
 Metaspace       used 50833K, committed 51392K, reserved 262144K
  class space    used 6876K, committed 7168K, reserved 212992K

Heap Regions: E=young(eden), S=young(survivor), O=old, HS=humongous(starts), HC=humongous(continues), CS=collection set, F=free, OA=open archive, CA=closed archive, TAMS=top-at-mark-start (previous, next)
|   0|0x00000000e0000000, 0x00000000e0100000, 0x00000000e0100000|100%|HS|  |TAMS 0x00000000e0100000, 0x00000000e0000000| Complete 
|   1|0x00000000e0100000, 0x00000000e0200000, 0x00000000e0200000|100%|HC|  |TAMS 0x00000000e0200000, 0x00000000e0100000| Complete 
|   2|0x00000000e0200000, 0x00000000e0300000, 0x00000000e0300000|100%|HC|  |TAMS 0x00000000e0300000, 0x00000000e0200000| Complete 
|   3|0x00000000e0300000, 0x00000000e0400000, 0x00000000e0400000|100%| O|  |TAMS 0x00000000e0400000, 0x00000000e0300000| Untracked 
|   4|0x00000000e0400000, 0x00000000e0500000, 0x00000000e0500000|100%| O|  |TAMS 0x00000000e0500000, 0x00000000e0400000| Untracked 
|   5|0x00000000e0500000, 0x00000000e0600000, 0x00000000e0600000|100%| O|  |TAMS 0x00000000e0600000, 0x00000000e0500000| Untracked 
|   6|0x00000000e0600000, 0x00000000e0700000, 0x00000000e0700000|100%| O|  |TAMS 0x00000000e0700000, 0x00000000e0600000| Untracked 
|   7|0x00000000e0700000, 0x00000000e0800000, 0x00000000e0800000|100%| O|  |TAMS 0x00000000e0800000, 0x00000000e0700000| Untracked 
|   8|0x00000000e0800000, 0x00000000e0900000, 0x00000000e0900000|100%| O|  |TAMS 0x00000000e0900000, 0x00000000e0800000| Untracked 
|   9|0x00000000e0900000, 0x00000000e0a00000, 0x00000000e0a00000|100%| O|  |TAMS 0x00000000e0966200, 0x00000000e0900000| Untracked 
|  10|0x00000000e0a00000, 0x00000000e0b00000, 0x00000000e0b00000|100%| O|  |TAMS 0x00000000e0a00000, 0x00000000e0a00000| Untracked 
|  11|0x00000000e0b00000, 0x00000000e0c00000, 0x00000000e0c00000|100%| O|  |TAMS 0x00000000e0b00000, 0x00000000e0b00000| Untracked 
|  12|0x00000000e0c00000, 0x00000000e0d00000, 0x00000000e0d00000|100%| O|  |TAMS 0x00000000e0c00000, 0x00000000e0c00000| Untracked 
|  13|0x00000000e0d00000, 0x00000000e0e00000, 0x00000000e0e00000|100%| O|  |TAMS 0x00000000e0d00000, 0x00000000e0d00000| Untracked 
|  14|0x00000000e0e00000, 0x00000000e0f00000, 0x00000000e0f00000|100%| O|  |TAMS 0x00000000e0e00000, 0x00000000e0e00000| Untracked 
|  15|0x00000000e0f00000, 0x00000000e1000000, 0x00000000e1000000|100%| O|  |TAMS 0x00000000e0f00000, 0x00000000e0f00000| Untracked 
|  16|0x00000000e1000000, 0x00000000e1100000, 0x00000000e1100000|100%| O|  |TAMS 0x00000000e1000000, 0x00000000e1000000| Untracked 
|  17|0x00000000e1100000, 0x00000000e1200000, 0x00000000e1200000|100%| O|  |TAMS 0x00000000e1100000, 0x00000000e1100000| Untracked 
|  18|0x00000000e1200000, 0x00000000e1300000, 0x00000000e1300000|100%| O|  |TAMS 0x00000000e1200000, 0x00000000e1200000| Untracked 
|  19|0x00000000e1300000, 0x00000000e1400000, 0x00000000e1400000|100%| O|  |TAMS 0x00000000e1300000, 0x00000000e1300000| Untracked 
|  20|0x00000000e1400000, 0x00000000e1500000, 0x00000000e1500000|100%| O|  |TAMS 0x00000000e1400000, 0x00000000e1400000| Untracked 
|  21|0x00000000e1500000, 0x00000000e1600000, 0x00000000e1600000|100%| O|  |TAMS 0x00000000e1500000, 0x00000000e1500000| Untracked 
|  22|0x00000000e1600000, 0x00000000e1700000, 0x00000000e1700000|100%| O|  |TAMS 0x00000000e1600000, 0x00000000e1600000| Untracked 
|  23|0x00000000e1700000, 0x00000000e1800000, 0x00000000e1800000|100%| O|  |TAMS 0x00000000e1700000, 0x00000000e1700000| Untracked 
|  24|0x00000000e1800000, 0x00000000e1900000, 0x00000000e1900000|100%| O|  |TAMS 0x00000000e1800000, 0x00000000e1800000| Untracked 
|  25|0x00000000e1900000, 0x00000000e1a00000, 0x00000000e1a00000|100%| O|  |TAMS 0x00000000e1900000, 0x00000000e1900000| Untracked 
|  26|0x00000000e1a00000, 0x00000000e1b00000, 0x00000000e1b00000|100%| O|  |TAMS 0x00000000e1a00000, 0x00000000e1a00000| Untracked 
|  27|0x00000000e1b00000, 0x00000000e1c00000, 0x00000000e1c00000|100%| O|  |TAMS 0x00000000e1b00000, 0x00000000e1b00000| Untracked 
|  28|0x00000000e1c00000, 0x00000000e1c3f600, 0x00000000e1d00000| 24%| O|  |TAMS 0x00000000e1c00000, 0x00000000e1c00000| Untracked 
|  29|0x00000000e1d00000, 0x00000000e1d00000, 0x00000000e1e00000|  0%| F|  |TAMS 0x00000000e1d00000, 0x00000000e1d00000| Untracked 
|  30|0x00000000e1e00000, 0x00000000e1e00000, 0x00000000e1f00000|  0%| F|  |TAMS 0x00000000e1e00000, 0x00000000e1e00000| Untracked 
|  31|0x00000000e1f00000, 0x00000000e1f00000, 0x00000000e2000000|  0%| F|  |TAMS 0x00000000e1f00000, 0x00000000e1f00000| Untracked 
|  32|0x00000000e2000000, 0x00000000e2000000, 0x00000000e2100000|  0%| F|  |TAMS 0x00000000e2000000, 0x00000000e2000000| Untracked 
|  33|0x00000000e2100000, 0x00000000e2100000, 0x00000000e2200000|  0%| F|  |TAMS 0x00000000e2100000, 0x00000000e2100000| Untracked 
|  34|0x00000000e2200000, 0x00000000e2200000, 0x00000000e2300000|  0%| F|  |TAMS 0x00000000e2200000, 0x00000000e2200000| Untracked 
|  35|0x00000000e2300000, 0x00000000e2300000, 0x00000000e2400000|  0%| F|  |TAMS 0x00000000e2300000, 0x00000000e2300000| Untracked 
|  36|0x00000000e2400000, 0x00000000e2400000, 0x00000000e2500000|  0%| F|  |TAMS 0x00000000e2400000, 0x00000000e2400000| Untracked 
|  37|0x00000000e2500000, 0x00000000e2500000, 0x00000000e2600000|  0%| F|  |TAMS 0x00000000e2500000, 0x00000000e2500000| Untracked 
|  38|0x00000000e2600000, 0x00000000e2600000, 0x00000000e2700000|  0%| F|  |TAMS 0x00000000e2600000, 0x00000000e2600000| Untracked 
|  39|0x00000000e2700000, 0x00000000e2700000, 0x00000000e2800000|  0%| F|  |TAMS 0x00000000e2700000, 0x00000000e2700000| Untracked 
|  40|0x00000000e2800000, 0x00000000e2800000, 0x00000000e2900000|  0%| F|  |TAMS 0x00000000e2800000, 0x00000000e2800000| Untracked 
|  41|0x00000000e2900000, 0x00000000e2900000, 0x00000000e2a00000|  0%| F|  |TAMS 0x00000000e2900000, 0x00000000e2900000| Untracked 
|  42|0x00000000e2a00000, 0x00000000e2a00000, 0x00000000e2b00000|  0%| F|  |TAMS 0x00000000e2a00000, 0x00000000e2a00000| Untracked 
|  43|0x00000000e2b00000, 0x00000000e2b00000, 0x00000000e2c00000|  0%| F|  |TAMS 0x00000000e2b00000, 0x00000000e2b00000| Untracked 
|  44|0x00000000e2c00000, 0x00000000e2c00000, 0x00000000e2d00000|  0%| F|  |TAMS 0x00000000e2c00000, 0x00000000e2c00000| Untracked 
|  45|0x00000000e2d00000, 0x00000000e2d00000, 0x00000000e2e00000|  0%| F|  |TAMS 0x00000000e2d00000, 0x00000000e2d00000| Untracked 
|  46|0x00000000e2e00000, 0x00000000e2e00000, 0x00000000e2f00000|  0%| F|  |TAMS 0x00000000e2e00000, 0x00000000e2e00000| Untracked 
|  47|0x00000000e2f00000, 0x00000000e2f00000, 0x00000000e3000000|  0%| F|  |TAMS 0x00000000e2f00000, 0x00000000e2f00000| Untracked 
|  48|0x00000000e3000000, 0x00000000e3000000, 0x00000000e3100000|  0%| F|  |TAMS 0x00000000e3000000, 0x00000000e3000000| Untracked 
|  49|0x00000000e3100000, 0x00000000e3100000, 0x00000000e3200000|  0%| F|  |TAMS 0x00000000e3100000, 0x00000000e3100000| Untracked 
|  50|0x00000000e3200000, 0x00000000e3200000, 0x00000000e3300000|  0%| F|  |TAMS 0x00000000e3200000, 0x00000000e3200000| Untracked 
|  51|0x00000000e3300000, 0x00000000e3300000, 0x00000000e3400000|  0%| F|  |TAMS 0x00000000e3300000, 0x00000000e3300000| Untracked 
|  52|0x00000000e3400000, 0x00000000e3400000, 0x00000000e3500000|  0%| F|  |TAMS 0x00000000e3400000, 0x00000000e3400000| Untracked 
|  53|0x00000000e3500000, 0x00000000e3500000, 0x00000000e3600000|  0%| F|  |TAMS 0x00000000e3500000, 0x00000000e3500000| Untracked 
|  54|0x00000000e3600000, 0x00000000e3600000, 0x00000000e3700000|  0%| F|  |TAMS 0x00000000e3600000, 0x00000000e3600000| Untracked 
|  55|0x00000000e3700000, 0x00000000e3700000, 0x00000000e3800000|  0%| F|  |TAMS 0x00000000e3700000, 0x00000000e3700000| Untracked 
|  56|0x00000000e3800000, 0x00000000e3800000, 0x00000000e3900000|  0%| F|  |TAMS 0x00000000e3800000, 0x00000000e3800000| Untracked 
|  57|0x00000000e3900000, 0x00000000e3900000, 0x00000000e3a00000|  0%| F|  |TAMS 0x00000000e3900000, 0x00000000e3900000| Untracked 
|  58|0x00000000e3a00000, 0x00000000e3a00000, 0x00000000e3b00000|  0%| F|  |TAMS 0x00000000e3a00000, 0x00000000e3a00000| Untracked 
|  59|0x00000000e3b00000, 0x00000000e3b00000, 0x00000000e3c00000|  0%| F|  |TAMS 0x00000000e3b00000, 0x00000000e3b00000| Untracked 
|  60|0x00000000e3c00000, 0x00000000e3c00000, 0x00000000e3d00000|  0%| F|  |TAMS 0x00000000e3c00000, 0x00000000e3c00000| Untracked 
|  61|0x00000000e3d00000, 0x00000000e3d00000, 0x00000000e3e00000|  0%| F|  |TAMS 0x00000000e3d00000, 0x00000000e3d00000| Untracked 
|  62|0x00000000e3e00000, 0x00000000e3e00000, 0x00000000e3f00000|  0%| F|  |TAMS 0x00000000e3e00000, 0x00000000e3e00000| Untracked 
|  63|0x00000000e3f00000, 0x00000000e3f00000, 0x00000000e4000000|  0%| F|  |TAMS 0x00000000e3f00000, 0x00000000e3f00000| Untracked 
|  64|0x00000000e4000000, 0x00000000e4000000, 0x00000000e4100000|  0%| F|  |TAMS 0x00000000e4000000, 0x00000000e4000000| Untracked 
|  65|0x00000000e4100000, 0x00000000e4100000, 0x00000000e4200000|  0%| F|  |TAMS 0x00000000e4100000, 0x00000000e4100000| Untracked 
|  66|0x00000000e4200000, 0x00000000e4200000, 0x00000000e4300000|  0%| F|  |TAMS 0x00000000e4200000, 0x00000000e4200000| Untracked 
|  67|0x00000000e4300000, 0x00000000e4300000, 0x00000000e4400000|  0%| F|  |TAMS 0x00000000e4300000, 0x00000000e4300000| Untracked 
|  68|0x00000000e4400000, 0x00000000e4400000, 0x00000000e4500000|  0%| F|  |TAMS 0x00000000e4400000, 0x00000000e4400000| Untracked 
|  69|0x00000000e4500000, 0x00000000e4500000, 0x00000000e4600000|  0%| F|  |TAMS 0x00000000e4500000, 0x00000000e4500000| Untracked 
|  70|0x00000000e4600000, 0x00000000e4600000, 0x00000000e4700000|  0%| F|  |TAMS 0x00000000e4600000, 0x00000000e4600000| Untracked 
|  71|0x00000000e4700000, 0x00000000e4700000, 0x00000000e4800000|  0%| F|  |TAMS 0x00000000e4700000, 0x00000000e4700000| Untracked 
|  72|0x00000000e4800000, 0x00000000e4800000, 0x00000000e4900000|  0%| F|  |TAMS 0x00000000e4800000, 0x00000000e4800000| Untracked 
|  73|0x00000000e4900000, 0x00000000e4900000, 0x00000000e4a00000|  0%| F|  |TAMS 0x00000000e4900000, 0x00000000e4900000| Untracked 
|  74|0x00000000e4a00000, 0x00000000e4a00000, 0x00000000e4b00000|  0%| F|  |TAMS 0x00000000e4a00000, 0x00000000e4a00000| Untracked 
|  75|0x00000000e4b00000, 0x00000000e4b00000, 0x00000000e4c00000|  0%| F|  |TAMS 0x00000000e4b00000, 0x00000000e4b00000| Untracked 
|  76|0x00000000e4c00000, 0x00000000e4c00000, 0x00000000e4d00000|  0%| F|  |TAMS 0x00000000e4c00000, 0x00000000e4c00000| Untracked 
|  77|0x00000000e4d00000, 0x00000000e4d00000, 0x00000000e4e00000|  0%| F|  |TAMS 0x00000000e4d00000, 0x00000000e4d00000| Untracked 
|  78|0x00000000e4e00000, 0x00000000e4e00000, 0x00000000e4f00000|  0%| F|  |TAMS 0x00000000e4e00000, 0x00000000e4e00000| Untracked 
|  79|0x00000000e4f00000, 0x00000000e4f00000, 0x00000000e5000000|  0%| F|  |TAMS 0x00000000e4f00000, 0x00000000e4f00000| Untracked 
|  80|0x00000000e5000000, 0x00000000e5000000, 0x00000000e5100000|  0%| F|  |TAMS 0x00000000e5000000, 0x00000000e5000000| Untracked 
|  81|0x00000000e5100000, 0x00000000e5100000, 0x00000000e5200000|  0%| F|  |TAMS 0x00000000e5100000, 0x00000000e5100000| Untracked 
|  82|0x00000000e5200000, 0x00000000e5200000, 0x00000000e5300000|  0%| F|  |TAMS 0x00000000e5200000, 0x00000000e5200000| Untracked 
|  83|0x00000000e5300000, 0x00000000e5300000, 0x00000000e5400000|  0%| F|  |TAMS 0x00000000e5300000, 0x00000000e5300000| Untracked 
|  84|0x00000000e5400000, 0x00000000e5400000, 0x00000000e5500000|  0%| F|  |TAMS 0x00000000e5400000, 0x00000000e5400000| Untracked 
|  85|0x00000000e5500000, 0x00000000e5500000, 0x00000000e5600000|  0%| F|  |TAMS 0x00000000e5500000, 0x00000000e5500000| Untracked 
|  86|0x00000000e5600000, 0x00000000e5600000, 0x00000000e5700000|  0%| F|  |TAMS 0x00000000e5600000, 0x00000000e5600000| Untracked 
|  87|0x00000000e5700000, 0x00000000e5800000, 0x00000000e5800000|100%| S|CS|TAMS 0x00000000e5700000, 0x00000000e5700000| Complete 
|  88|0x00000000e5800000, 0x00000000e5900000, 0x00000000e5900000|100%| S|CS|TAMS 0x00000000e5800000, 0x00000000e5800000| Complete 
|  89|0x00000000e5900000, 0x00000000e5a00000, 0x00000000e5a00000|100%| S|CS|TAMS 0x00000000e5900000, 0x00000000e5900000| Complete 
|  90|0x00000000e5a00000, 0x00000000e5b00000, 0x00000000e5b00000|100%| S|CS|TAMS 0x00000000e5a00000, 0x00000000e5a00000| Complete 
|  91|0x00000000e5b00000, 0x00000000e5c00000, 0x00000000e5c00000|100%| S|CS|TAMS 0x00000000e5b00000, 0x00000000e5b00000| Complete 
|  92|0x00000000e5c00000, 0x00000000e5d00000, 0x00000000e5d00000|100%| S|CS|TAMS 0x00000000e5c00000, 0x00000000e5c00000| Complete 
|  93|0x00000000e5d00000, 0x00000000e5e00000, 0x00000000e5e00000|100%| S|CS|TAMS 0x00000000e5d00000, 0x00000000e5d00000| Complete 
|  94|0x00000000e5e00000, 0x00000000e5f00000, 0x00000000e5f00000|100%| S|CS|TAMS 0x00000000e5e00000, 0x00000000e5e00000| Complete 
|  95|0x00000000e5f00000, 0x00000000e6000000, 0x00000000e6000000|100%| S|CS|TAMS 0x00000000e5f00000, 0x00000000e5f00000| Complete 
|  96|0x00000000e6000000, 0x00000000e6100000, 0x00000000e6100000|100%| S|CS|TAMS 0x00000000e6000000, 0x00000000e6000000| Complete 
|  97|0x00000000e6100000, 0x00000000e6200000, 0x00000000e6200000|100%| S|CS|TAMS 0x00000000e6100000, 0x00000000e6100000| Complete 
|  98|0x00000000e6200000, 0x00000000e6300000, 0x00000000e6300000|100%| S|CS|TAMS 0x00000000e6200000, 0x00000000e6200000| Complete 
|  99|0x00000000e6300000, 0x00000000e6400000, 0x00000000e6400000|100%| S|CS|TAMS 0x00000000e6300000, 0x00000000e6300000| Complete 
| 100|0x00000000e6400000, 0x00000000e6500000, 0x00000000e6500000|100%| S|CS|TAMS 0x00000000e6400000, 0x00000000e6400000| Complete 
| 101|0x00000000e6500000, 0x00000000e6600000, 0x00000000e6600000|100%| S|CS|TAMS 0x00000000e6500000, 0x00000000e6500000| Complete 
| 102|0x00000000e6600000, 0x00000000e6700000, 0x00000000e6700000|100%| S|CS|TAMS 0x00000000e6600000, 0x00000000e6600000| Complete 
| 103|0x00000000e6700000, 0x00000000e6700000, 0x00000000e6800000|  0%| F|  |TAMS 0x00000000e6700000, 0x00000000e6700000| Untracked 
| 104|0x00000000e6800000, 0x00000000e6800000, 0x00000000e6900000|  0%| F|  |TAMS 0x00000000e6800000, 0x00000000e6800000| Untracked 
| 105|0x00000000e6900000, 0x00000000e6900000, 0x00000000e6a00000|  0%| F|  |TAMS 0x00000000e6900000, 0x00000000e6900000| Untracked 
| 106|0x00000000e6a00000, 0x00000000e6a00000, 0x00000000e6b00000|  0%| F|  |TAMS 0x00000000e6a00000, 0x00000000e6a00000| Untracked 
| 107|0x00000000e6b00000, 0x00000000e6b00000, 0x00000000e6c00000|  0%| F|  |TAMS 0x00000000e6b00000, 0x00000000e6b00000| Untracked 
| 108|0x00000000e6c00000, 0x00000000e6c00000, 0x00000000e6d00000|  0%| F|  |TAMS 0x00000000e6c00000, 0x00000000e6c00000| Untracked 
| 109|0x00000000e6d00000, 0x00000000e6d00000, 0x00000000e6e00000|  0%| F|  |TAMS 0x00000000e6d00000, 0x00000000e6d00000| Untracked 
| 110|0x00000000e6e00000, 0x00000000e6e00000, 0x00000000e6f00000|  0%| F|  |TAMS 0x00000000e6e00000, 0x00000000e6e00000| Untracked 
| 111|0x00000000e6f00000, 0x00000000e6f00000, 0x00000000e7000000|  0%| F|  |TAMS 0x00000000e6f00000, 0x00000000e6f00000| Untracked 
| 112|0x00000000e7000000, 0x00000000e7000000, 0x00000000e7100000|  0%| F|  |TAMS 0x00000000e7000000, 0x00000000e7000000| Untracked 
| 113|0x00000000e7100000, 0x00000000e7100000, 0x00000000e7200000|  0%| F|  |TAMS 0x00000000e7100000, 0x00000000e7100000| Untracked 
| 114|0x00000000e7200000, 0x00000000e7200000, 0x00000000e7300000|  0%| F|  |TAMS 0x00000000e7200000, 0x00000000e7200000| Untracked 
| 115|0x00000000e7300000, 0x00000000e7300000, 0x00000000e7400000|  0%| F|  |TAMS 0x00000000e7300000, 0x00000000e7300000| Untracked 
| 116|0x00000000e7400000, 0x00000000e7400000, 0x00000000e7500000|  0%| F|  |TAMS 0x00000000e7400000, 0x00000000e7400000| Untracked 
| 117|0x00000000e7500000, 0x00000000e7500000, 0x00000000e7600000|  0%| F|  |TAMS 0x00000000e7500000, 0x00000000e7500000| Untracked 
| 118|0x00000000e7600000, 0x00000000e7600000, 0x00000000e7700000|  0%| F|  |TAMS 0x00000000e7600000, 0x00000000e7600000| Untracked 
| 119|0x00000000e7700000, 0x00000000e7700000, 0x00000000e7800000|  0%| F|  |TAMS 0x00000000e7700000, 0x00000000e7700000| Untracked 
| 120|0x00000000e7800000, 0x00000000e7800000, 0x00000000e7900000|  0%| F|  |TAMS 0x00000000e7800000, 0x00000000e7800000| Untracked 
| 121|0x00000000e7900000, 0x00000000e7900000, 0x00000000e7a00000|  0%| F|  |TAMS 0x00000000e7900000, 0x00000000e7900000| Untracked 
| 122|0x00000000e7a00000, 0x00000000e7a00000, 0x00000000e7b00000|  0%| F|  |TAMS 0x00000000e7a00000, 0x00000000e7a00000| Untracked 
| 123|0x00000000e7b00000, 0x00000000e7b00000, 0x00000000e7c00000|  0%| F|  |TAMS 0x00000000e7b00000, 0x00000000e7b00000| Untracked 
| 124|0x00000000e7c00000, 0x00000000e7c00000, 0x00000000e7d00000|  0%| F|  |TAMS 0x00000000e7c00000, 0x00000000e7c00000| Untracked 
| 125|0x00000000e7d00000, 0x00000000e7d00000, 0x00000000e7e00000|  0%| F|  |TAMS 0x00000000e7d00000, 0x00000000e7d00000| Untracked 
| 126|0x00000000e7e00000, 0x00000000e7e00000, 0x00000000e7f00000|  0%| F|  |TAMS 0x00000000e7e00000, 0x00000000e7e00000| Untracked 
| 127|0x00000000e7f00000, 0x00000000e7f00000, 0x00000000e8000000|  0%| F|  |TAMS 0x00000000e7f00000, 0x00000000e7f00000| Untracked 
| 128|0x00000000e8000000, 0x00000000e8000000, 0x00000000e8100000|  0%| F|  |TAMS 0x00000000e8000000, 0x00000000e8000000| Untracked 
| 129|0x00000000e8100000, 0x00000000e8100000, 0x00000000e8200000|  0%| F|  |TAMS 0x00000000e8100000, 0x00000000e8100000| Untracked 
| 130|0x00000000e8200000, 0x00000000e8200000, 0x00000000e8300000|  0%| F|  |TAMS 0x00000000e8200000, 0x00000000e8200000| Untracked 
| 131|0x00000000e8300000, 0x00000000e8300000, 0x00000000e8400000|  0%| F|  |TAMS 0x00000000e8300000, 0x00000000e8300000| Untracked 
| 132|0x00000000e8400000, 0x00000000e8400000, 0x00000000e8500000|  0%| F|  |TAMS 0x00000000e8400000, 0x00000000e8400000| Untracked 
| 133|0x00000000e8500000, 0x00000000e8500000, 0x00000000e8600000|  0%| F|  |TAMS 0x00000000e8500000, 0x00000000e8500000| Untracked 
| 134|0x00000000e8600000, 0x00000000e8600000, 0x00000000e8700000|  0%| F|  |TAMS 0x00000000e8600000, 0x00000000e8600000| Untracked 
| 135|0x00000000e8700000, 0x00000000e8700000, 0x00000000e8800000|  0%| F|  |TAMS 0x00000000e8700000, 0x00000000e8700000| Untracked 
| 136|0x00000000e8800000, 0x00000000e8800000, 0x00000000e8900000|  0%| F|  |TAMS 0x00000000e8800000, 0x00000000e8800000| Untracked 
| 137|0x00000000e8900000, 0x00000000e8900000, 0x00000000e8a00000|  0%| F|  |TAMS 0x00000000e8900000, 0x00000000e8900000| Untracked 
| 138|0x00000000e8a00000, 0x00000000e8a00000, 0x00000000e8b00000|  0%| F|  |TAMS 0x00000000e8a00000, 0x00000000e8a00000| Untracked 
| 139|0x00000000e8b00000, 0x00000000e8b00000, 0x00000000e8c00000|  0%| F|  |TAMS 0x00000000e8b00000, 0x00000000e8b00000| Untracked 
| 140|0x00000000e8c00000, 0x00000000e8c00000, 0x00000000e8d00000|  0%| F|  |TAMS 0x00000000e8c00000, 0x00000000e8c00000| Untracked 
| 141|0x00000000e8d00000, 0x00000000e8d00000, 0x00000000e8e00000|  0%| F|  |TAMS 0x00000000e8d00000, 0x00000000e8d00000| Untracked 
| 142|0x00000000e8e00000, 0x00000000e8e00000, 0x00000000e8f00000|  0%| F|  |TAMS 0x00000000e8e00000, 0x00000000e8e00000| Untracked 
| 143|0x00000000e8f00000, 0x00000000e8f00000, 0x00000000e9000000|  0%| F|  |TAMS 0x00000000e8f00000, 0x00000000e8f00000| Untracked 
| 144|0x00000000e9000000, 0x00000000e9000000, 0x00000000e9100000|  0%| F|  |TAMS 0x00000000e9000000, 0x00000000e9000000| Untracked 
| 145|0x00000000e9100000, 0x00000000e9100000, 0x00000000e9200000|  0%| F|  |TAMS 0x00000000e9100000, 0x00000000e9100000| Untracked 
| 146|0x00000000e9200000, 0x00000000e9200000, 0x00000000e9300000|  0%| F|  |TAMS 0x00000000e9200000, 0x00000000e9200000| Untracked 
| 147|0x00000000e9300000, 0x00000000e9300000, 0x00000000e9400000|  0%| F|  |TAMS 0x00000000e9300000, 0x00000000e9300000| Untracked 
| 148|0x00000000e9400000, 0x00000000e9400000, 0x00000000e9500000|  0%| F|  |TAMS 0x00000000e9400000, 0x00000000e9400000| Untracked 
| 149|0x00000000e9500000, 0x00000000e9500000, 0x00000000e9600000|  0%| F|  |TAMS 0x00000000e9500000, 0x00000000e9500000| Untracked 
| 150|0x00000000e9600000, 0x00000000e9600000, 0x00000000e9700000|  0%| F|  |TAMS 0x00000000e9600000, 0x00000000e9600000| Untracked 
| 151|0x00000000e9700000, 0x00000000e9700000, 0x00000000e9800000|  0%| F|  |TAMS 0x00000000e9700000, 0x00000000e9700000| Untracked 
| 152|0x00000000e9800000, 0x00000000e9800000, 0x00000000e9900000|  0%| F|  |TAMS 0x00000000e9800000, 0x00000000e9800000| Untracked 
| 153|0x00000000e9900000, 0x00000000e9900000, 0x00000000e9a00000|  0%| F|  |TAMS 0x00000000e9900000, 0x00000000e9900000| Untracked 
| 154|0x00000000e9a00000, 0x00000000e9a00000, 0x00000000e9b00000|  0%| F|  |TAMS 0x00000000e9a00000, 0x00000000e9a00000| Untracked 
| 155|0x00000000e9b00000, 0x00000000e9b00000, 0x00000000e9c00000|  0%| F|  |TAMS 0x00000000e9b00000, 0x00000000e9b00000| Untracked 
| 156|0x00000000e9c00000, 0x00000000e9c00000, 0x00000000e9d00000|  0%| F|  |TAMS 0x00000000e9c00000, 0x00000000e9c00000| Untracked 
| 157|0x00000000e9d00000, 0x00000000e9d00000, 0x00000000e9e00000|  0%| F|  |TAMS 0x00000000e9d00000, 0x00000000e9d00000| Untracked 
| 158|0x00000000e9e00000, 0x00000000e9e00000, 0x00000000e9f00000|  0%| F|  |TAMS 0x00000000e9e00000, 0x00000000e9e00000| Untracked 
| 159|0x00000000e9f00000, 0x00000000e9f00000, 0x00000000ea000000|  0%| F|  |TAMS 0x00000000e9f00000, 0x00000000e9f00000| Untracked 
| 160|0x00000000ea000000, 0x00000000ea000000, 0x00000000ea100000|  0%| F|  |TAMS 0x00000000ea000000, 0x00000000ea000000| Untracked 
| 161|0x00000000ea100000, 0x00000000ea100000, 0x00000000ea200000|  0%| F|  |TAMS 0x00000000ea100000, 0x00000000ea100000| Untracked 
| 162|0x00000000ea200000, 0x00000000ea200000, 0x00000000ea300000|  0%| F|  |TAMS 0x00000000ea200000, 0x00000000ea200000| Untracked 
| 163|0x00000000ea300000, 0x00000000ea300000, 0x00000000ea400000|  0%| F|  |TAMS 0x00000000ea300000, 0x00000000ea300000| Untracked 
| 164|0x00000000ea400000, 0x00000000ea400000, 0x00000000ea500000|  0%| F|  |TAMS 0x00000000ea400000, 0x00000000ea400000| Untracked 
| 165|0x00000000ea500000, 0x00000000ea500000, 0x00000000ea600000|  0%| F|  |TAMS 0x00000000ea500000, 0x00000000ea500000| Untracked 
| 166|0x00000000ea600000, 0x00000000ea600000, 0x00000000ea700000|  0%| F|  |TAMS 0x00000000ea600000, 0x00000000ea600000| Untracked 
| 167|0x00000000ea700000, 0x00000000ea700000, 0x00000000ea800000|  0%| F|  |TAMS 0x00000000ea700000, 0x00000000ea700000| Untracked 
| 168|0x00000000ea800000, 0x00000000ea800000, 0x00000000ea900000|  0%| F|  |TAMS 0x00000000ea800000, 0x00000000ea800000| Untracked 
| 169|0x00000000ea900000, 0x00000000ea900000, 0x00000000eaa00000|  0%| F|  |TAMS 0x00000000ea900000, 0x00000000ea900000| Untracked 
| 170|0x00000000eaa00000, 0x00000000eaa00000, 0x00000000eab00000|  0%| F|  |TAMS 0x00000000eaa00000, 0x00000000eaa00000| Untracked 
| 171|0x00000000eab00000, 0x00000000eab00000, 0x00000000eac00000|  0%| F|  |TAMS 0x00000000eab00000, 0x00000000eab00000| Untracked 
| 172|0x00000000eac00000, 0x00000000eac00000, 0x00000000ead00000|  0%| F|  |TAMS 0x00000000eac00000, 0x00000000eac00000| Untracked 
| 173|0x00000000ead00000, 0x00000000ead00000, 0x00000000eae00000|  0%| F|  |TAMS 0x00000000ead00000, 0x00000000ead00000| Untracked 
| 174|0x00000000eae00000, 0x00000000eae00000, 0x00000000eaf00000|  0%| F|  |TAMS 0x00000000eae00000, 0x00000000eae00000| Untracked 
| 175|0x00000000eaf00000, 0x00000000eaf00000, 0x00000000eb000000|  0%| F|  |TAMS 0x00000000eaf00000, 0x00000000eaf00000| Untracked 
| 176|0x00000000eb000000, 0x00000000eb000000, 0x00000000eb100000|  0%| F|  |TAMS 0x00000000eb000000, 0x00000000eb000000| Untracked 
| 177|0x00000000eb100000, 0x00000000eb100000, 0x00000000eb200000|  0%| F|  |TAMS 0x00000000eb100000, 0x00000000eb100000| Untracked 
| 178|0x00000000eb200000, 0x00000000eb200000, 0x00000000eb300000|  0%| F|  |TAMS 0x00000000eb200000, 0x00000000eb200000| Untracked 
| 179|0x00000000eb300000, 0x00000000eb300000, 0x00000000eb400000|  0%| F|  |TAMS 0x00000000eb300000, 0x00000000eb300000| Untracked 
| 180|0x00000000eb400000, 0x00000000eb400000, 0x00000000eb500000|  0%| F|  |TAMS 0x00000000eb400000, 0x00000000eb400000| Untracked 
| 181|0x00000000eb500000, 0x00000000eb500000, 0x00000000eb600000|  0%| F|  |TAMS 0x00000000eb500000, 0x00000000eb500000| Untracked 
| 182|0x00000000eb600000, 0x00000000eb600000, 0x00000000eb700000|  0%| F|  |TAMS 0x00000000eb600000, 0x00000000eb600000| Untracked 
| 183|0x00000000eb700000, 0x00000000eb700000, 0x00000000eb800000|  0%| F|  |TAMS 0x00000000eb700000, 0x00000000eb700000| Untracked 
| 184|0x00000000eb800000, 0x00000000eb800000, 0x00000000eb900000|  0%| F|  |TAMS 0x00000000eb800000, 0x00000000eb800000| Untracked 
| 185|0x00000000eb900000, 0x00000000eb900000, 0x00000000eba00000|  0%| F|  |TAMS 0x00000000eb900000, 0x00000000eb900000| Untracked 
| 186|0x00000000eba00000, 0x00000000eba00000, 0x00000000ebb00000|  0%| F|  |TAMS 0x00000000eba00000, 0x00000000eba00000| Untracked 
| 187|0x00000000ebb00000, 0x00000000ebb00000, 0x00000000ebc00000|  0%| F|  |TAMS 0x00000000ebb00000, 0x00000000ebb00000| Untracked 
| 188|0x00000000ebc00000, 0x00000000ebc00000, 0x00000000ebd00000|  0%| F|  |TAMS 0x00000000ebc00000, 0x00000000ebc00000| Untracked 
| 189|0x00000000ebd00000, 0x00000000ebd00000, 0x00000000ebe00000|  0%| F|  |TAMS 0x00000000ebd00000, 0x00000000ebd00000| Untracked 
| 190|0x00000000ebe00000, 0x00000000ebe00000, 0x00000000ebf00000|  0%| F|  |TAMS 0x00000000ebe00000, 0x00000000ebe00000| Untracked 
| 191|0x00000000ebf00000, 0x00000000ebf00000, 0x00000000ec000000|  0%| F|  |TAMS 0x00000000ebf00000, 0x00000000ebf00000| Untracked 
| 192|0x00000000ec000000, 0x00000000ec000000, 0x00000000ec100000|  0%| F|  |TAMS 0x00000000ec000000, 0x00000000ec000000| Untracked 
| 193|0x00000000ec100000, 0x00000000ec100000, 0x00000000ec200000|  0%| F|  |TAMS 0x00000000ec100000, 0x00000000ec100000| Untracked 
| 194|0x00000000ec200000, 0x00000000ec200000, 0x00000000ec300000|  0%| F|  |TAMS 0x00000000ec200000, 0x00000000ec200000| Untracked 
| 195|0x00000000ec300000, 0x00000000ec300000, 0x00000000ec400000|  0%| F|  |TAMS 0x00000000ec300000, 0x00000000ec300000| Untracked 
| 196|0x00000000ec400000, 0x00000000ec400000, 0x00000000ec500000|  0%| F|  |TAMS 0x00000000ec400000, 0x00000000ec400000| Untracked 
| 197|0x00000000ec500000, 0x00000000ec500000, 0x00000000ec600000|  0%| F|  |TAMS 0x00000000ec500000, 0x00000000ec500000| Untracked 
| 198|0x00000000ec600000, 0x00000000ec600000, 0x00000000ec700000|  0%| F|  |TAMS 0x00000000ec600000, 0x00000000ec600000| Untracked 
| 199|0x00000000ec700000, 0x00000000ec700000, 0x00000000ec800000|  0%| F|  |TAMS 0x00000000ec700000, 0x00000000ec700000| Untracked 
| 200|0x00000000ec800000, 0x00000000ec800000, 0x00000000ec900000|  0%| F|  |TAMS 0x00000000ec800000, 0x00000000ec800000| Untracked 
| 201|0x00000000ec900000, 0x00000000ec900000, 0x00000000eca00000|  0%| F|  |TAMS 0x00000000ec900000, 0x00000000ec900000| Untracked 
| 202|0x00000000eca00000, 0x00000000eca00000, 0x00000000ecb00000|  0%| F|  |TAMS 0x00000000eca00000, 0x00000000eca00000| Untracked 
| 203|0x00000000ecb00000, 0x00000000ecb00000, 0x00000000ecc00000|  0%| F|  |TAMS 0x00000000ecb00000, 0x00000000ecb00000| Untracked 
| 204|0x00000000ecc00000, 0x00000000ecc00000, 0x00000000ecd00000|  0%| F|  |TAMS 0x00000000ecc00000, 0x00000000ecc00000| Untracked 
| 205|0x00000000ecd00000, 0x00000000ecd00000, 0x00000000ece00000|  0%| F|  |TAMS 0x00000000ecd00000, 0x00000000ecd00000| Untracked 
| 206|0x00000000ece00000, 0x00000000ece00000, 0x00000000ecf00000|  0%| F|  |TAMS 0x00000000ece00000, 0x00000000ece00000| Untracked 
| 207|0x00000000ecf00000, 0x00000000ecf00000, 0x00000000ed000000|  0%| F|  |TAMS 0x00000000ecf00000, 0x00000000ecf00000| Untracked 
| 208|0x00000000ed000000, 0x00000000ed000000, 0x00000000ed100000|  0%| F|  |TAMS 0x00000000ed000000, 0x00000000ed000000| Untracked 
| 209|0x00000000ed100000, 0x00000000ed100000, 0x00000000ed200000|  0%| F|  |TAMS 0x00000000ed100000, 0x00000000ed100000| Untracked 
| 210|0x00000000ed200000, 0x00000000ed200000, 0x00000000ed300000|  0%| F|  |TAMS 0x00000000ed200000, 0x00000000ed200000| Untracked 
| 211|0x00000000ed300000, 0x00000000ed300000, 0x00000000ed400000|  0%| F|  |TAMS 0x00000000ed300000, 0x00000000ed300000| Untracked 
| 212|0x00000000ed400000, 0x00000000ed49d518, 0x00000000ed500000| 61%| E|  |TAMS 0x00000000ed400000, 0x00000000ed400000| Complete 
| 213|0x00000000ed500000, 0x00000000ed600000, 0x00000000ed600000|100%| E|CS|TAMS 0x00000000ed500000, 0x00000000ed500000| Complete 
| 214|0x00000000ed600000, 0x00000000ed700000, 0x00000000ed700000|100%| E|CS|TAMS 0x00000000ed600000, 0x00000000ed600000| Complete 
| 215|0x00000000ed700000, 0x00000000ed800000, 0x00000000ed800000|100%| E|CS|TAMS 0x00000000ed700000, 0x00000000ed700000| Complete 
| 216|0x00000000ed800000, 0x00000000ed900000, 0x00000000ed900000|100%| E|CS|TAMS 0x00000000ed800000, 0x00000000ed800000| Complete 
| 217|0x00000000ed900000, 0x00000000eda00000, 0x00000000eda00000|100%| E|CS|TAMS 0x00000000ed900000, 0x00000000ed900000| Complete 
| 218|0x00000000eda00000, 0x00000000edb00000, 0x00000000edb00000|100%| E|CS|TAMS 0x00000000eda00000, 0x00000000eda00000| Complete 
| 219|0x00000000edb00000, 0x00000000edc00000, 0x00000000edc00000|100%| E|CS|TAMS 0x00000000edb00000, 0x00000000edb00000| Complete 
| 220|0x00000000edc00000, 0x00000000edd00000, 0x00000000edd00000|100%| E|CS|TAMS 0x00000000edc00000, 0x00000000edc00000| Complete 
| 221|0x00000000edd00000, 0x00000000ede00000, 0x00000000ede00000|100%| E|CS|TAMS 0x00000000edd00000, 0x00000000edd00000| Complete 
| 222|0x00000000ede00000, 0x00000000edf00000, 0x00000000edf00000|100%| E|CS|TAMS 0x00000000ede00000, 0x00000000ede00000| Complete 
| 223|0x00000000edf00000, 0x00000000ee000000, 0x00000000ee000000|100%| E|CS|TAMS 0x00000000edf00000, 0x00000000edf00000| Complete 
| 224|0x00000000ee000000, 0x00000000ee100000, 0x00000000ee100000|100%| E|CS|TAMS 0x00000000ee000000, 0x00000000ee000000| Complete 
| 225|0x00000000ee100000, 0x00000000ee200000, 0x00000000ee200000|100%| E|CS|TAMS 0x00000000ee100000, 0x00000000ee100000| Complete 
| 226|0x00000000ee200000, 0x00000000ee300000, 0x00000000ee300000|100%| E|CS|TAMS 0x00000000ee200000, 0x00000000ee200000| Complete 
| 227|0x00000000ee300000, 0x00000000ee400000, 0x00000000ee400000|100%| E|CS|TAMS 0x00000000ee300000, 0x00000000ee300000| Complete 
| 228|0x00000000ee400000, 0x00000000ee500000, 0x00000000ee500000|100%| E|CS|TAMS 0x00000000ee400000, 0x00000000ee400000| Complete 
| 229|0x00000000ee500000, 0x00000000ee600000, 0x00000000ee600000|100%| E|CS|TAMS 0x00000000ee500000, 0x00000000ee500000| Complete 
| 230|0x00000000ee600000, 0x00000000ee700000, 0x00000000ee700000|100%| E|CS|TAMS 0x00000000ee600000, 0x00000000ee600000| Complete 
| 231|0x00000000ee700000, 0x00000000ee800000, 0x00000000ee800000|100%| E|CS|TAMS 0x00000000ee700000, 0x00000000ee700000| Complete 
| 232|0x00000000ee800000, 0x00000000ee900000, 0x00000000ee900000|100%| E|CS|TAMS 0x00000000ee800000, 0x00000000ee800000| Complete 
| 233|0x00000000ee900000, 0x00000000eea00000, 0x00000000eea00000|100%| E|CS|TAMS 0x00000000ee900000, 0x00000000ee900000| Complete 
| 234|0x00000000eea00000, 0x00000000eeb00000, 0x00000000eeb00000|100%| E|CS|TAMS 0x00000000eea00000, 0x00000000eea00000| Complete 
| 235|0x00000000eeb00000, 0x00000000eec00000, 0x00000000eec00000|100%| E|CS|TAMS 0x00000000eeb00000, 0x00000000eeb00000| Complete 
| 236|0x00000000eec00000, 0x00000000eed00000, 0x00000000eed00000|100%| E|CS|TAMS 0x00000000eec00000, 0x00000000eec00000| Complete 
| 237|0x00000000eed00000, 0x00000000eee00000, 0x00000000eee00000|100%| E|CS|TAMS 0x00000000eed00000, 0x00000000eed00000| Complete 
| 238|0x00000000eee00000, 0x00000000eef00000, 0x00000000eef00000|100%| E|CS|TAMS 0x00000000eee00000, 0x00000000eee00000| Complete 
| 239|0x00000000eef00000, 0x00000000ef000000, 0x00000000ef000000|100%| E|CS|TAMS 0x00000000eef00000, 0x00000000eef00000| Complete 
| 240|0x00000000ef000000, 0x00000000ef100000, 0x00000000ef100000|100%| E|CS|TAMS 0x00000000ef000000, 0x00000000ef000000| Complete 
| 241|0x00000000ef100000, 0x00000000ef200000, 0x00000000ef200000|100%| E|CS|TAMS 0x00000000ef100000, 0x00000000ef100000| Complete 
| 242|0x00000000ef200000, 0x00000000ef300000, 0x00000000ef300000|100%| E|CS|TAMS 0x00000000ef200000, 0x00000000ef200000| Complete 
| 243|0x00000000ef300000, 0x00000000ef400000, 0x00000000ef400000|100%| E|CS|TAMS 0x00000000ef300000, 0x00000000ef300000| Complete 
| 244|0x00000000ef400000, 0x00000000ef500000, 0x00000000ef500000|100%| E|CS|TAMS 0x00000000ef400000, 0x00000000ef400000| Complete 
| 245|0x00000000ef500000, 0x00000000ef600000, 0x00000000ef600000|100%| E|CS|TAMS 0x00000000ef500000, 0x00000000ef500000| Complete 
| 246|0x00000000ef600000, 0x00000000ef700000, 0x00000000ef700000|100%| E|CS|TAMS 0x00000000ef600000, 0x00000000ef600000| Complete 
| 247|0x00000000ef700000, 0x00000000ef800000, 0x00000000ef800000|100%| E|CS|TAMS 0x00000000ef700000, 0x00000000ef700000| Complete 
| 248|0x00000000ef800000, 0x00000000ef900000, 0x00000000ef900000|100%| E|CS|TAMS 0x00000000ef800000, 0x00000000ef800000| Complete 
| 249|0x00000000ef900000, 0x00000000efa00000, 0x00000000efa00000|100%| E|CS|TAMS 0x00000000ef900000, 0x00000000ef900000| Complete 
| 250|0x00000000efa00000, 0x00000000efb00000, 0x00000000efb00000|100%| E|CS|TAMS 0x00000000efa00000, 0x00000000efa00000| Complete 
| 251|0x00000000efb00000, 0x00000000efc00000, 0x00000000efc00000|100%| E|CS|TAMS 0x00000000efb00000, 0x00000000efb00000| Complete 
| 252|0x00000000efc00000, 0x00000000efd00000, 0x00000000efd00000|100%| E|CS|TAMS 0x00000000efc00000, 0x00000000efc00000| Complete 
| 253|0x00000000efd00000, 0x00000000efe00000, 0x00000000efe00000|100%| E|  |TAMS 0x00000000efd00000, 0x00000000efd00000| Complete 
| 254|0x00000000efe00000, 0x00000000eff00000, 0x00000000eff00000|100%| E|CS|TAMS 0x00000000efe00000, 0x00000000efe00000| Complete 
| 255|0x00000000eff00000, 0x00000000f0000000, 0x00000000f0000000|100%| E|CS|TAMS 0x00000000eff00000, 0x00000000eff00000| Complete 

Card table byte_map: [0x00000230f2c00000,0x00000230f2d00000] _byte_map_base: 0x00000230f2500000

Marking Bits (Prev, Next): (CMBitMap*) 0x00000230dc4b8f20, (CMBitMap*) 0x00000230dc4b8f60
 Prev Bits: [0x00000230f2e00000, 0x00000230f3600000)
 Next Bits: [0x00000230f3600000, 0x00000230f3e00000)

Polling page: 0x00000230dbc70000

Metaspace:

Usage:
  Non-class:     42.93 MB used.
      Class:      6.72 MB used.
       Both:     49.64 MB used.

Virtual space:
  Non-class space:       48.00 MB reserved,      43.19 MB ( 90%) committed,  6 nodes.
      Class space:      208.00 MB reserved,       7.00 MB (  3%) committed,  1 nodes.
              Both:      256.00 MB reserved,      50.19 MB ( 20%) committed. 

Chunk freelists:
   Non-Class:  336.00 KB
       Class:  994.00 KB
        Both:  1.30 MB

MaxMetaspaceSize: 256.00 MB
CompressedClassSpaceSize: 208.00 MB
 - commit_granule_bytes: 65536.
 - commit_granule_words: 8192.
 - virtual_space_node_default_size: 1048576.
 - enlarge_chunks_in_place: 1.
 - new_chunks_are_fully_committed: 0.
 - uncommit_free_chunks: 1.
 - use_allocation_guard: 0.
 - handle_deallocations: 1.


Internal statistics:

num_allocs_failed_limit: 6.
num_arena_births: 604.
num_arena_deaths: 0.
num_vsnodes_births: 7.
num_vsnodes_deaths: 0.
num_space_committed: 803.
num_space_uncommitted: 0.
num_chunks_returned_to_freelist: 6.
num_chunks_taken_from_freelist: 2671.
num_chunk_merges: 6.
num_chunk_splits: 1691.
num_chunks_enlarged: 1081.
num_purges: 0.

CodeHeap 'non-profiled nmethods': size=120000Kb used=3888Kb max_used=3888Kb free=116111Kb
 bounds [0x00000230eb6d0000, 0x00000230ebaa0000, 0x00000230f2c00000]
CodeHeap 'profiled nmethods': size=120000Kb used=15785Kb max_used=15785Kb free=104215Kb
 bounds [0x00000230e41a0000, 0x00000230e5110000, 0x00000230eb6d0000]
CodeHeap 'non-nmethods': size=5760Kb used=2334Kb max_used=2415Kb free=3425Kb
 bounds [0x00000230e3c00000, 0x00000230e3e70000, 0x00000230e41a0000]
 total_blobs=8830 nmethods=7984 adapters=758
 compilation: enabled
              stopped_count=0, restarted_count=0
 full_count=0

Compilation events (20 events):
Event: 302.312 Thread 0x00000230f63e9460 8782       3       java.util.concurrent.CopyOnWriteArrayList::indexOf (14 bytes)
Event: 302.312 Thread 0x00000230f63e9460 nmethod 8782 0x00000230e50d6410 code [0x00000230e50d65c0, 0x00000230e50d6728]
Event: 302.315 Thread 0x00000230f63e9460 8783       3       org.gradle.tooling.internal.provider.runner.ToolingApiBuildEventListenerFactory$1::started (1 bytes)
Event: 302.315 Thread 0x00000230f63e9460 nmethod 8783 0x00000230e50d6810 code [0x00000230e50d69a0, 0x00000230e50d6ab8]
Event: 302.316 Thread 0x00000230f63e9460 8784       3       org.gradle.util.internal.DefaultGradleVersion::<init> (109 bytes)
Event: 302.317 Thread 0x00000230f63e9460 nmethod 8784 0x00000230e50d6b90 code [0x00000230e50d6ee0, 0x00000230e50d81c8]
Event: 302.317 Thread 0x00000230f63e9460 8785       3       org.gradle.util.GradleVersion::<init> (5 bytes)
Event: 302.318 Thread 0x00000230f63e9460 nmethod 8785 0x00000230e50d8810 code [0x00000230e50d89c0, 0x00000230e50d8b18]
Event: 302.318 Thread 0x00000230f63e9460 8786       3       org.gradle.util.internal.DefaultGradleVersion::setOrParseCommitId (21 bytes)
Event: 302.318 Thread 0x00000230f63e9460 nmethod 8786 0x00000230e50d8c10 code [0x00000230e50d8de0, 0x00000230e50d90a8]
Event: 302.318 Thread 0x00000230f63e9460 8787       3       org.gradle.api.internal.artifacts.ivyservice.resolveengine.graph.builder.DependencyGraphBuilder::maybeDownloadMetadataInParallel (183 bytes)
Event: 302.320 Thread 0x00000230f63e9460 nmethod 8787 0x00000230e50d9210 code [0x00000230e50d95c0, 0x00000230e50db2c8]
Event: 302.321 Thread 0x00000230f63e9460 8788       3       org.gradle.api.internal.artifacts.ivyservice.resolveengine.graph.builder.DependencyGraphBuilder::attachToTargetRevisionsSerially (47 bytes)
Event: 302.321 Thread 0x00000230f63e9460 nmethod 8788 0x00000230e50dbc90 code [0x00000230e50dbea0, 0x00000230e50dc508]
Event: 302.324 Thread 0x00000230f63e9460 8789       3       io.spring.gradle.dependencymanagement.org.apache.maven.model.Build::getExtensions (23 bytes)
Event: 302.324 Thread 0x00000230f63e9460 nmethod 8789 0x00000230e50dc710 code [0x00000230e50dc8e0, 0x00000230e50dccd8]
Event: 302.324 Thread 0x00000230f63e9460 8790       3       org.gradle.util.internal.DefaultGradleVersion::version (11 bytes)
Event: 302.324 Thread 0x00000230f63e9460 nmethod 8790 0x00000230e50dce10 code [0x00000230e50dcfc0, 0x00000230e50dd168]
Event: 302.325 Thread 0x00000230f63e9460 8791       3       org.gradle.api.internal.artifacts.configurations.DefaultConfiguration_Decorated::isVisible (46 bytes)
Event: 302.325 Thread 0x00000230f63e9460 nmethod 8791 0x00000230e50dd210 code [0x00000230e50dd400, 0x00000230e50dd878]

GC Heap History (14 events):
Event: 23.457 GC heap before
{Heap before GC invocations=0 (full 0):
 garbage-first heap   total 262144K, used 15360K [0x00000000e0000000, 0x0000000100000000)
  region size 1024K, 13 young (13312K), 0 survivors (0K)
 Metaspace       used 1048K, committed 1216K, reserved 221184K
  class space    used 73K, committed 128K, reserved 212992K
}
Event: 23.484 GC heap after
{Heap after GC invocations=1 (full 0):
 garbage-first heap   total 262144K, used 4307K [0x00000000e0000000, 0x0000000100000000)
  region size 1024K, 2 young (2048K), 2 survivors (2048K)
 Metaspace       used 1048K, committed 1216K, reserved 221184K
  class space    used 73K, committed 128K, reserved 212992K
}
Event: 26.898 GC heap before
{Heap before GC invocations=1 (full 0):
 garbage-first heap   total 262144K, used 20691K [0x00000000e0000000, 0x0000000100000000)
  region size 1024K, 16 young (16384K), 2 survivors (2048K)
 Metaspace       used 3629K, committed 3776K, reserved 221184K
  class space    used 440K, committed 512K, reserved 212992K
}
Event: 26.901 GC heap after
{Heap after GC invocations=2 (full 0):
 garbage-first heap   total 262144K, used 9595K [0x00000000e0000000, 0x0000000100000000)
  region size 1024K, 2 young (2048K), 2 survivors (2048K)
 Metaspace       used 3629K, committed 3776K, reserved 221184K
  class space    used 440K, committed 512K, reserved 212992K
}
Event: 29.849 GC heap before
{Heap before GC invocations=2 (full 0):
 garbage-first heap   total 262144K, used 29051K [0x00000000e0000000, 0x0000000100000000)
  region size 1024K, 22 young (22528K), 2 survivors (2048K)
 Metaspace       used 4126K, committed 4288K, reserved 221184K
  class space    used 488K, committed 576K, reserved 212992K
}
Event: 29.850 GC heap after
{Heap after GC invocations=3 (full 0):
 garbage-first heap   total 262144K, used 10190K [0x00000000e0000000, 0x0000000100000000)
  region size 1024K, 1 young (1024K), 1 survivors (1024K)
 Metaspace       used 4126K, committed 4288K, reserved 221184K
  class space    used 488K, committed 576K, reserved 212992K
}
Event: 36.641 GC heap before
{Heap before GC invocations=3 (full 0):
 garbage-first heap   total 262144K, used 122830K [0x00000000e0000000, 0x0000000100000000)
  region size 1024K, 112 young (114688K), 1 survivors (1024K)
 Metaspace       used 20970K, committed 21248K, reserved 237568K
  class space    used 3073K, committed 3200K, reserved 212992K
}
Event: 36.657 GC heap after
{Heap after GC invocations=4 (full 0):
 garbage-first heap   total 262144K, used 20696K [0x00000000e0000000, 0x0000000100000000)
  region size 1024K, 11 young (11264K), 11 survivors (11264K)
 Metaspace       used 20970K, committed 21248K, reserved 237568K
  class space    used 3073K, committed 3200K, reserved 212992K
}
Event: 38.972 GC heap before
{Heap before GC invocations=5 (full 0):
 garbage-first heap   total 262144K, used 124120K [0x00000000e0000000, 0x0000000100000000)
  region size 1024K, 110 young (112640K), 11 survivors (11264K)
 Metaspace       used 35342K, committed 35648K, reserved 245760K
  class space    used 4779K, committed 4928K, reserved 212992K
}
Event: 38.986 GC heap after
{Heap after GC invocations=6 (full 0):
 garbage-first heap   total 262144K, used 30163K [0x00000000e0000000, 0x0000000100000000)
  region size 1024K, 10 young (10240K), 10 survivors (10240K)
 Metaspace       used 35342K, committed 35648K, reserved 245760K
  class space    used 4779K, committed 4928K, reserved 212992K
}
Event: 42.910 GC heap before
{Heap before GC invocations=7 (full 0):
 garbage-first heap   total 262144K, used 146899K [0x00000000e0000000, 0x0000000100000000)
  region size 1024K, 124 young (126976K), 10 survivors (10240K)
 Metaspace       used 46112K, committed 46592K, reserved 253952K
  class space    used 6431K, committed 6656K, reserved 212992K
}
Event: 42.927 GC heap after
{Heap after GC invocations=8 (full 0):
 garbage-first heap   total 262144K, used 39512K [0x00000000e0000000, 0x0000000100000000)
  region size 1024K, 11 young (11264K), 11 survivors (11264K)
 Metaspace       used 46112K, committed 46592K, reserved 253952K
  class space    used 6431K, committed 6656K, reserved 212992K
}
Event: 300.964 GC heap before
{Heap before GC invocations=8 (full 0):
 garbage-first heap   total 262144K, used 184920K [0x00000000e0000000, 0x0000000100000000)
  region size 1024K, 153 young (156672K), 11 survivors (11264K)
 Metaspace       used 50221K, committed 50688K, reserved 262144K
  class space    used 6841K, committed 7040K, reserved 212992K
}
Event: 300.984 GC heap after
{Heap after GC invocations=9 (full 0):
 garbage-first heap   total 262144K, used 45309K [0x00000000e0000000, 0x0000000100000000)
  region size 1024K, 16 young (16384K), 16 survivors (16384K)
 Metaspace       used 50221K, committed 50688K, reserved 262144K
  class space    used 6841K, committed 7040K, reserved 212992K
}

Deoptimization events (20 events):
Event: 301.113 Thread 0x00000230fae8e530 Uncommon trap: trap_request=0xffffff45 fr.pc=0x00000230eb7b3950 relative=0x00000000000006d0
Event: 301.113 Thread 0x00000230fae8e530 Uncommon trap: reason=unstable_if action=reinterpret pc=0x00000230eb7b3950 method=groovy.lang.MetaClassImpl.getMetaProperty(Ljava/lang/String;Z)Lgroovy/lang/MetaProperty; @ 6 c2
Event: 301.113 Thread 0x00000230fae8e530 DEOPT PACKING pc=0x00000230eb7b3950 sp=0x00000078bfbf5bd0
Event: 301.113 Thread 0x00000230fae8e530 DEOPT UNPACKING pc=0x00000230e3c4d72e sp=0x00000078bfbf5b80 mode 2
Event: 301.231 Thread 0x00000230fae8e530 Uncommon trap: trap_request=0xffffffbe fr.pc=0x00000230eb9613dc relative=0x0000000000000dbc
Event: 301.231 Thread 0x00000230fae8e530 Uncommon trap: reason=profile_predicate action=maybe_recompile pc=0x00000230eb9613dc method=java.util.TreeMap.getEntryUsingComparator(Ljava/lang/Object;)Ljava/util/TreeMap$Entry; @ 19 c2
Event: 301.232 Thread 0x00000230fae8e530 DEOPT PACKING pc=0x00000230eb9613dc sp=0x00000078bfbf8790
Event: 301.232 Thread 0x00000230fae8e530 DEOPT UNPACKING pc=0x00000230e3c4d72e sp=0x00000078bfbf86b0 mode 2
Event: 301.232 Thread 0x00000230fae8e530 Uncommon trap: trap_request=0xffffffbe fr.pc=0x00000230eb9613dc relative=0x0000000000000dbc
Event: 301.232 Thread 0x00000230fae8e530 Uncommon trap: reason=profile_predicate action=maybe_recompile pc=0x00000230eb9613dc method=java.util.TreeMap.getEntryUsingComparator(Ljava/lang/Object;)Ljava/util/TreeMap$Entry; @ 19 c2
Event: 301.232 Thread 0x00000230fae8e530 DEOPT PACKING pc=0x00000230eb9613dc sp=0x00000078bfbf8790
Event: 301.232 Thread 0x00000230fae8e530 DEOPT UNPACKING pc=0x00000230e3c4d72e sp=0x00000078bfbf86b0 mode 2
Event: 301.232 Thread 0x00000230fae8e530 Uncommon trap: trap_request=0xffffffbe fr.pc=0x00000230eb9613dc relative=0x0000000000000dbc
Event: 301.232 Thread 0x00000230fae8e530 Uncommon trap: reason=profile_predicate action=maybe_recompile pc=0x00000230eb9613dc method=java.util.TreeMap.getEntryUsingComparator(Ljava/lang/Object;)Ljava/util/TreeMap$Entry; @ 19 c2
Event: 301.232 Thread 0x00000230fae8e530 DEOPT PACKING pc=0x00000230eb9613dc sp=0x00000078bfbf8790
Event: 301.232 Thread 0x00000230fae8e530 DEOPT UNPACKING pc=0x00000230e3c4d72e sp=0x00000078bfbf86b0 mode 2
Event: 302.118 Thread 0x00000230fae8e530 Uncommon trap: trap_request=0xffffffdc fr.pc=0x00000230eba98c68 relative=0x00000000000002c8
Event: 302.118 Thread 0x00000230fae8e530 Uncommon trap: reason=class_check action=make_not_entrant pc=0x00000230eba98c68 method=java.util.ArrayList.toArray([Ljava/lang/Object;)[Ljava/lang/Object; @ 21 c2
Event: 302.118 Thread 0x00000230fae8e530 DEOPT PACKING pc=0x00000230eba98c68 sp=0x00000078bfbf51b0
Event: 302.118 Thread 0x00000230fae8e530 DEOPT UNPACKING pc=0x00000230e3c4d72e sp=0x00000078bfbf5180 mode 2

Classes unloaded (0 events):
No events

Classes redefined (0 events):
No events

Internal exceptions (20 events):
Event: 301.076 Thread 0x00000230fae8e530 Exception <a 'java/lang/ClassNotFoundException'{0x00000000ef5c4078}: org/gradle/api/internal/tasks/DefaultTaskContainerCustomizer> (0x00000000ef5c4078) 
thrown [t:\workspace\open\src\hotspot\share\classfile\systemDictionary.cpp, line 256]
Event: 301.078 Thread 0x00000230fae8e530 Exception <a 'java/lang/ClassNotFoundException'{0x00000000ef420b28}: org/gradle/api/internal/tasks/DefaultTaskContainer_DecoratedCustomizer> (0x00000000ef420b28) 
thrown [t:\workspace\open\src\hotspot\share\classfile\systemDictionary.cpp, line 256]
Event: 301.091 Thread 0x00000230fae8e530 Exception <a 'java/lang/ClassNotFoundException'{0x00000000ef338e48}: org/gradle/api/tasks/JavaExec_DecoratedBeanInfo> (0x00000000ef338e48) 
thrown [t:\workspace\open\src\hotspot\share\classfile\systemDictionary.cpp, line 256]
Event: 301.092 Thread 0x00000230fae8e530 Exception <a 'java/lang/ClassNotFoundException'{0x00000000ef3470f8}: org/gradle/api/tasks/JavaExecBeanInfo> (0x00000000ef3470f8) 
thrown [t:\workspace\open\src\hotspot\share\classfile\systemDictionary.cpp, line 256]
Event: 301.092 Thread 0x00000230fae8e530 Exception <a 'java/lang/ClassNotFoundException'{0x00000000ef354bc0}: org/gradle/api/tasks/JavaExecCustomizer> (0x00000000ef354bc0) 
thrown [t:\workspace\open\src\hotspot\share\classfile\systemDictionary.cpp, line 256]
Event: 301.094 Thread 0x00000230fae8e530 Exception <a 'java/lang/ClassNotFoundException'{0x00000000ef3b60e8}: org/gradle/api/tasks/JavaExec_DecoratedCustomizer> (0x00000000ef3b60e8) 
thrown [t:\workspace\open\src\hotspot\share\classfile\systemDictionary.cpp, line 256]
Event: 301.107 Thread 0x00000230fae8e530 Exception <a 'java/lang/ClassNotFoundException'{0x00000000ef2a3b08}: java/lang/SystemBeanInfo> (0x00000000ef2a3b08) 
thrown [t:\workspace\open\src\hotspot\share\classfile\systemDictionary.cpp, line 256]
Event: 301.107 Thread 0x00000230fae8e530 Exception <a 'java/lang/ClassNotFoundException'{0x00000000ef2aa028}: java/lang/SystemCustomizer> (0x00000000ef2aa028) 
thrown [t:\workspace\open\src\hotspot\share\classfile\systemDictionary.cpp, line 256]
Event: 301.126 Thread 0x00000230fae8e530 Exception <a 'java/lang/ClassNotFoundException'{0x00000000eef0cb20}: org/gradle/api/internal/tasks/DefaultSourceSetContainer_DecoratedBeanInfo> (0x00000000eef0cb20) 
thrown [t:\workspace\open\src\hotspot\share\classfile\systemDictionary.cpp, line 256]
Event: 301.193 Thread 0x00000230fae8e530 Exception <a 'java/lang/ClassNotFoundException'{0x00000000eef1abb8}: org/gradle/api/internal/tasks/DefaultSourceSetContainerBeanInfo> (0x00000000eef1abb8) 
thrown [t:\workspace\open\src\hotspot\share\classfile\systemDictionary.cpp, line 256]
Event: 301.193 Thread 0x00000230fae8e530 Exception <a 'java/lang/ClassNotFoundException'{0x00000000eef26520}: org/gradle/api/internal/AbstractValidatingNamedDomainObjectContainerBeanInfo> (0x00000000eef26520) 
thrown [t:\workspace\open\src\hotspot\share\classfile\systemDictionary.cpp, line 256]
Event: 301.194 Thread 0x00000230fae8e530 Exception <a 'java/lang/ClassNotFoundException'{0x00000000eef32db8}: org/gradle/api/internal/AbstractNamedDomainObjectContainerBeanInfo> (0x00000000eef32db8) 
thrown [t:\workspace\open\src\hotspot\share\classfile\systemDictionary.cpp, line 256]
Event: 301.194 Thread 0x00000230fae8e530 Exception <a 'java/lang/ClassNotFoundException'{0x00000000eef3ee90}: org/gradle/api/internal/AbstractNamedDomainObjectContainerCustomizer> (0x00000000eef3ee90) 
thrown [t:\workspace\open\src\hotspot\share\classfile\systemDictionary.cpp, line 256]
Event: 301.195 Thread 0x00000230fae8e530 Exception <a 'java/lang/ClassNotFoundException'{0x00000000eef5dc58}: org/gradle/api/internal/AbstractValidatingNamedDomainObjectContainerCustomizer> (0x00000000eef5dc58) 
thrown [t:\workspace\open\src\hotspot\share\classfile\systemDictionary.cpp, line 256]
Event: 301.196 Thread 0x00000230fae8e530 Exception <a 'java/lang/ClassNotFoundException'{0x00000000eef76d78}: org/gradle/api/internal/tasks/DefaultSourceSetContainerCustomizer> (0x00000000eef76d78) 
thrown [t:\workspace\open\src\hotspot\share\classfile\systemDictionary.cpp, line 256]
Event: 301.197 Thread 0x00000230fae8e530 Exception <a 'java/lang/ClassNotFoundException'{0x00000000eef90458}: org/gradle/api/internal/tasks/DefaultSourceSetContainer_DecoratedCustomizer> (0x00000000eef90458) 
thrown [t:\workspace\open\src\hotspot\share\classfile\systemDictionary.cpp, line 256]
Event: 301.217 Thread 0x00000230fae8e530 Exception <a 'java/lang/ClassNotFoundException'{0x00000000eee1c068}: org/gradle/api/internal/tasks/DefaultSourceSet_DecoratedBeanInfo> (0x00000000eee1c068) 
thrown [t:\workspace\open\src\hotspot\share\classfile\systemDictionary.cpp, line 256]
Event: 301.218 Thread 0x00000230fae8e530 Exception <a 'java/lang/ClassNotFoundException'{0x00000000eee2a758}: org/gradle/api/internal/tasks/DefaultSourceSetBeanInfo> (0x00000000eee2a758) 
thrown [t:\workspace\open\src\hotspot\share\classfile\systemDictionary.cpp, line 256]
Event: 301.218 Thread 0x00000230fae8e530 Exception <a 'java/lang/ClassNotFoundException'{0x00000000eee38740}: org/gradle/api/internal/tasks/DefaultSourceSetCustomizer> (0x00000000eee38740) 
thrown [t:\workspace\open\src\hotspot\share\classfile\systemDictionary.cpp, line 256]
Event: 301.226 Thread 0x00000230fae8e530 Exception <a 'java/lang/ClassNotFoundException'{0x00000000eee66418}: org/gradle/api/internal/tasks/DefaultSourceSet_DecoratedCustomizer> (0x00000000eee66418) 
thrown [t:\workspace\open\src\hotspot\share\classfile\systemDictionary.cpp, line 256]

Events (20 events):
Event: 301.106 loading class java/io/Console done
Event: 301.106 loading class java/lang/SystemBeanInfo
Event: 301.106 loading class java/lang/SystemBeanInfo done
Event: 301.106 loading class java/lang/SystemBeanInfo
Event: 301.106 loading class java/lang/SystemBeanInfo done
Event: 301.107 loading class java/lang/SystemCustomizer
Event: 301.107 loading class java/lang/SystemCustomizer done
Event: 301.107 loading class java/lang/SystemCustomizer
Event: 301.107 loading class java/lang/SystemCustomizer done
Event: 301.296 Thread 0x00000230faecdfb0 Thread added: 0x00000230faecdfb0
Event: 301.296 Thread 0x00000230faecd510 Thread added: 0x00000230faecd510
Event: 301.297 Thread 0x00000230faecefa0 Thread added: 0x00000230faecefa0
Event: 301.304 Executing  VM operation: ICBufferFull
Event: 301.334 Executing  VM operation: ICBufferFull done
Event: 301.337 Thread 0x00000230faecda60 Thread added: 0x00000230faecda60
Event: 301.638 Thread 0x00000230faecf4f0 Thread added: 0x00000230faecf4f0
Event: 301.975 Thread 0x00000230faec8010 Thread added: 0x00000230faec8010
Event: 302.019 Thread 0x00000230faec9000 Thread added: 0x00000230faec9000
Event: 302.037 Thread 0x00000230faec9550 Thread added: 0x00000230faec9550
Event: 302.074 Thread 0x00000230faeca540 Thread added: 0x00000230faeca540


Dynamic libraries:
0x00007ff7cec80000 - 0x00007ff7cec8e000 	C:\Users\lujum\.jdks\openjdk-16.0.2\bin\java.exe
0x00007ff824e00000 - 0x00007ff825007000 	C:\WINDOWS\SYSTEM32\ntdll.dll
0x00007ff823c10000 - 0x00007ff823ccd000 	C:\WINDOWS\System32\KERNEL32.DLL
0x00007ff822700000 - 0x00007ff822a74000 	C:\WINDOWS\System32\KERNELBASE.dll
0x00007ff822350000 - 0x00007ff822461000 	C:\WINDOWS\System32\ucrtbase.dll
0x00007fff99ac0000 - 0x00007fff99ad9000 	C:\Users\lujum\.jdks\openjdk-16.0.2\bin\VCRUNTIME140.dll
0x00007fff99ae0000 - 0x00007fff99af8000 	C:\Users\lujum\.jdks\openjdk-16.0.2\bin\jli.dll
0x00007fffff760000 - 0x00007fffffa05000 	C:\WINDOWS\WinSxS\amd64_microsoft.windows.common-controls_6595b64144ccf1df_6.0.22000.120_none_9d947278b86cc467\COMCTL32.dll
0x00007ff823790000 - 0x00007ff82393c000 	C:\WINDOWS\System32\USER32.dll
0x00007ff824550000 - 0x00007ff8245f3000 	C:\WINDOWS\System32\msvcrt.dll
0x00007ff824610000 - 0x00007ff824639000 	C:\WINDOWS\System32\GDI32.dll
0x00007ff822b40000 - 0x00007ff822b66000 	C:\WINDOWS\System32\win32u.dll
0x00007ff822470000 - 0x00007ff822582000 	C:\WINDOWS\System32\gdi32full.dll
0x00007ff822b70000 - 0x00007ff822c0d000 	C:\WINDOWS\System32\msvcp_win.dll
0x00007ff824640000 - 0x00007ff824671000 	C:\WINDOWS\System32\IMM32.DLL
0x00007ffff8070000 - 0x00007ffff807c000 	C:\Users\lujum\.jdks\openjdk-16.0.2\bin\vcruntime140_1.dll
0x00007fff7ff40000 - 0x00007fff7ffd1000 	C:\Users\lujum\.jdks\openjdk-16.0.2\bin\msvcp140.dll
0x00007fff6b880000 - 0x00007fff6c42b000 	C:\Users\lujum\.jdks\openjdk-16.0.2\bin\server\jvm.dll
0x00007ff8236d0000 - 0x00007ff82377c000 	C:\WINDOWS\System32\ADVAPI32.dll
0x00007ff823dd0000 - 0x00007ff823e6d000 	C:\WINDOWS\System32\sechost.dll
0x00007ff824c30000 - 0x00007ff824d51000 	C:\WINDOWS\System32\RPCRT4.dll
0x00007ff824600000 - 0x00007ff824608000 	C:\WINDOWS\System32\PSAPI.DLL
0x00007ffff7900000 - 0x00007ffff7909000 	C:\WINDOWS\SYSTEM32\WSOCK32.dll
0x00007ff81b670000 - 0x00007ff81b6a3000 	C:\WINDOWS\SYSTEM32\WINMM.dll
0x00007ff8244a0000 - 0x00007ff82450f000 	C:\WINDOWS\System32\WS2_32.dll
0x00007ff81a450000 - 0x00007ff81a45a000 	C:\WINDOWS\SYSTEM32\VERSION.dll
0x00007ff8213f0000 - 0x00007ff821408000 	C:\WINDOWS\SYSTEM32\kernel.appcore.dll
0x00007ffff7b30000 - 0x00007ffff7b3a000 	C:\Users\lujum\.jdks\openjdk-16.0.2\bin\jimage.dll
0x00007ff81fff0000 - 0x00007ff820211000 	C:\WINDOWS\SYSTEM32\DBGHELP.DLL
0x00007ffffc360000 - 0x00007ffffc391000 	C:\WINDOWS\SYSTEM32\dbgcore.DLL
0x00007ff822c10000 - 0x00007ff822c90000 	C:\WINDOWS\System32\bcryptPrimitives.dll
0x00007fff91750000 - 0x00007fff91775000 	C:\Users\lujum\.jdks\openjdk-16.0.2\bin\java.dll
0x00007ff822f20000 - 0x00007ff8236c9000 	C:\WINDOWS\System32\SHELL32.dll
0x00007ff820470000 - 0x00007ff820cd2000 	C:\WINDOWS\SYSTEM32\windows.storage.dll
0x00007ff823ed0000 - 0x00007ff824248000 	C:\WINDOWS\System32\combase.dll
0x00007ff820300000 - 0x00007ff820466000 	C:\WINDOWS\SYSTEM32\wintypes.dll
0x00007ff823ce0000 - 0x00007ff823dca000 	C:\WINDOWS\System32\SHCORE.dll
0x00007ff824d60000 - 0x00007ff824dbd000 	C:\WINDOWS\System32\shlwapi.dll
0x00007ff822210000 - 0x00007ff822231000 	C:\WINDOWS\SYSTEM32\profapi.dll
0x00007fff99aa0000 - 0x00007fff99ab9000 	C:\Users\lujum\.jdks\openjdk-16.0.2\bin\net.dll
0x00007ff81c4e0000 - 0x00007ff81c5ec000 	C:\WINDOWS\SYSTEM32\WINHTTP.dll
0x00007ff821800000 - 0x00007ff821867000 	C:\WINDOWS\system32\mswsock.dll
0x00007fff96c30000 - 0x00007fff96c43000 	C:\Users\lujum\.jdks\openjdk-16.0.2\bin\nio.dll
0x00007fff91730000 - 0x00007fff91748000 	C:\Users\lujum\.jdks\openjdk-16.0.2\bin\zip.dll
0x00007ffff5d10000 - 0x00007ffff5d20000 	C:\Users\lujum\.jdks\openjdk-16.0.2\bin\verify.dll
0x00007fff99a00000 - 0x00007fff99a27000 	C:\Users\lujum\.gradle\native\e1d6ef7f7dcc3fd88c89a11ec53ec762bb8ba0a96d01ffa2cd45eb1d1d8dd5c5\windows-amd64\native-platform.dll
0x00007fff7fd10000 - 0x00007fff7fe54000 	C:\Users\lujum\.gradle\native\5664cfc778a61ccfe75a443a1ab52a65af34e5dc3c78e0209fed803814484fcb\windows-amd64\native-platform-file-events.dll
0x00007ff81ece0000 - 0x00007ff81ece9000 	C:\Users\lujum\.jdks\openjdk-16.0.2\bin\management.dll
0x00007ffff4190000 - 0x00007ffff419b000 	C:\Users\lujum\.jdks\openjdk-16.0.2\bin\management_ext.dll
0x00007ff821a40000 - 0x00007ff821a58000 	C:\WINDOWS\SYSTEM32\CRYPTSP.dll
0x00007ff821350000 - 0x00007ff821385000 	C:\WINDOWS\system32\rsaenh.dll
0x00007ff8218f0000 - 0x00007ff821919000 	C:\WINDOWS\SYSTEM32\USERENV.dll
0x00007ff821bb0000 - 0x00007ff821bd7000 	C:\WINDOWS\SYSTEM32\bcrypt.dll
0x00007ff821c00000 - 0x00007ff821c0c000 	C:\WINDOWS\SYSTEM32\CRYPTBASE.dll
0x00007ff820f30000 - 0x00007ff820f5d000 	C:\WINDOWS\SYSTEM32\IPHLPAPI.DLL
0x00007ff824250000 - 0x00007ff824259000 	C:\WINDOWS\System32\NSI.dll
0x00007ff81e730000 - 0x00007ff81e749000 	C:\WINDOWS\SYSTEM32\dhcpcsvc6.DLL
0x00007ff81e710000 - 0x00007ff81e72e000 	C:\WINDOWS\SYSTEM32\dhcpcsvc.DLL
0x00007ff820fa0000 - 0x00007ff821087000 	C:\WINDOWS\SYSTEM32\DNSAPI.dll
0x00007fffeefb0000 - 0x00007fffeefbe000 	C:\Users\lujum\.jdks\openjdk-16.0.2\bin\sunmscapi.dll
0x00007ff822590000 - 0x00007ff8226f2000 	C:\WINDOWS\System32\CRYPT32.dll
0x00007ff821b80000 - 0x00007ff821ba8000 	C:\WINDOWS\SYSTEM32\ncrypt.dll
0x00007ff821b40000 - 0x00007ff821b77000 	C:\WINDOWS\SYSTEM32\NTASN1.dll
0x00007fffeeed0000 - 0x00007fffeeed8000 	C:\WINDOWS\system32\wshunix.dll

dbghelp: loaded successfully - version: 4.0.5 - missing functions: none
symbol engine: initialized successfully - sym options: 0x614 - pdb path: .;C:\Users\lujum\.jdks\openjdk-16.0.2\bin;C:\WINDOWS\SYSTEM32;C:\WINDOWS\WinSxS\amd64_microsoft.windows.common-controls_6595b64144ccf1df_6.0.22000.120_none_9d947278b86cc467;C:\Users\lujum\.jdks\openjdk-16.0.2\bin\server;C:\Users\lujum\.gradle\native\e1d6ef7f7dcc3fd88c89a11ec53ec762bb8ba0a96d01ffa2cd45eb1d1d8dd5c5\windows-amd64;C:\Users\lujum\.gradle\native\5664cfc778a61ccfe75a443a1ab52a65af34e5dc3c78e0209fed803814484fcb\windows-amd64

VM Arguments:
jvm_args: --add-opens=java.base/java.util=ALL-UNNAMED --add-opens=java.base/java.lang=ALL-UNNAMED --add-opens=java.base/java.lang.invoke=ALL-UNNAMED --add-opens=java.base/java.util=ALL-UNNAMED --add-opens=java.prefs/java.util.prefs=ALL-UNNAMED --add-opens=java.prefs/java.util.prefs=ALL-UNNAMED --add-opens=java.base/java.nio.charset=ALL-UNNAMED --add-opens=java.base/java.net=ALL-UNNAMED --add-opens=java.base/java.util.concurrent.atomic=ALL-UNNAMED -XX:MaxMetaspaceSize=256m -XX:+HeapDumpOnOutOfMemoryError -Xms256m -Xmx512m -Dfile.encoding=windows-1252 -Duser.country=419 -Duser.language=es -Duser.variant 
java_command: org.gradle.launcher.daemon.bootstrap.GradleDaemon 7.2
java_class_path (initial): C:\Users\lujum\.gradle\wrapper\dists\gradle-7.2-bin\2dnblmf4td7x66yl1d74lt32g\gradle-7.2\lib\gradle-launcher-7.2.jar
Launcher Type: SUN_STANDARD

[Global flags]
     intx CICompilerCount                          = 3                                         {product} {ergonomic}
   size_t CompressedClassSpaceSize                 = 218103808                                 {product} {ergonomic}
     uint ConcGCThreads                            = 1                                         {product} {ergonomic}
     uint G1ConcRefinementThreads                  = 4                                         {product} {ergonomic}
   size_t G1HeapRegionSize                         = 1048576                                   {product} {ergonomic}
    uintx GCDrainStackTargetSize                   = 64                                        {product} {ergonomic}
     bool HeapDumpOnOutOfMemoryError               = true                                   {manageable} {command line}
   size_t InitialHeapSize                          = 268435456                                 {product} {command line}
   size_t MarkStackSize                            = 4194304                                   {product} {ergonomic}
   size_t MaxHeapSize                              = 536870912                                 {product} {command line}
   size_t MaxMetaspaceSize                         = 268435456                                 {product} {command line}
   size_t MaxNewSize                               = 321912832                                 {product} {ergonomic}
   size_t MinHeapDeltaBytes                        = 1048576                                   {product} {ergonomic}
   size_t MinHeapSize                              = 268435456                                 {product} {command line}
    uintx NonNMethodCodeHeapSize                   = 5832780                                {pd product} {ergonomic}
    uintx NonProfiledCodeHeapSize                  = 122912730                              {pd product} {ergonomic}
    uintx ProfiledCodeHeapSize                     = 122912730                              {pd product} {ergonomic}
    uintx ReservedCodeCacheSize                    = 251658240                              {pd product} {ergonomic}
     bool SegmentedCodeCache                       = true                                      {product} {ergonomic}
   size_t SoftMaxHeapSize                          = 536870912                              {manageable} {ergonomic}
     bool UseCompressedClassPointers               = true                           {product lp64_product} {ergonomic}
     bool UseCompressedOops                        = true                           {product lp64_product} {ergonomic}
     bool UseG1GC                                  = true                                      {product} {ergonomic}
     bool UseLargePagesIndividualAllocation        = false                                  {pd product} {ergonomic}

Logging:
Log output configuration:
 #0: stdout all=warning uptime,level,tags
 #1: stderr all=off uptime,level,tags

Environment Variables:
PATH=C:\Program Files (x86)\NVIDIA Corporation\PhysX\Common;C:\Program Files (x86)\Common Files\Intel\Shared Libraries\redist\intel64\compiler;C:\Program Files (x86)\Common Files\Oracle\Java\javapath;C:\WINDOWS\system32;C:\WINDOWS;C:\WINDOWS\System32\Wbem;C:\WINDOWS\System32\WindowsPowerShell\v1.0\;C:\WINDOWS\System32\OpenSSH\;C:\Program Files\Git\cmd;D:\Program Files\Polyspace\R2020b\runtime\win64;D:\Program Files\Polyspace\R2020b\bin;D:\Program Files\Polyspace\R2020b\polyspace\bin;C:\Program Files (x86)\Microchip\MPLAB C32 Suite\bin;C:\Program Files\dotnet\;C:\Users\lujum\.jdks\openjdk-16.0.2\bin;C:\Program Files\MySQL\MySQL Shell 8.0\bin\;C:\Users\lujum\AppData\Local\Microsoft\WindowsApps;C:\Users\lujum\AppData\Local\Programs\Microsoft VS Code\bin;C:\Users\lujum\AppData\Local\atom\bin;C:\Users\lujum\AppData\Local\GitHubDesktop\bin;C:\Users\lujum\AppData\Local\Packages\PythonSoftwareFoundation.Python.3.8_qbz5n2kfra8p0\LocalCache\local-packages\Python38\site-packages;C:\Program Files\PostgreSQL\14\bin;;%USERPROFILE%\AppData\Local\Microsoft\WindowsApps
USERNAME=lujum
OS=Windows_NT
PROCESSOR_IDENTIFIER=Intel64 Family 6 Model 158 Stepping 9, GenuineIntel



---------------  S Y S T E M  ---------------

OS:
 Windows 10 , 64 bit Build 22000 (10.0.22000.120)
OS uptime: 0 days 1:10 hours

CPU: total 4 (initial active 4) (4 cores per cpu, 1 threads per core) family 6 model 158 stepping 9 microcode 0xde, cx8, cmov, fxsr, mmx, 3dnowpref, sse, sse2, sse3, ssse3, sse4.1, sse4.2, popcnt, lzcnt, tsc, tscinvbit, avx, avx2, aes, erms, clmul, bmi1, bmi2, adx, fma, vzeroupper, clflush, clflushopt

Memory: 4k page, system-wide physical 8071M (255M free)
TotalPageFile size 17109M (AvailPageFile size 5M)
current process WorkingSet (physical memory assigned to process): 346M, peak: 346M
current process commit charge ("private bytes"): 466M, peak: 468M

vm_info: OpenJDK 64-Bit Server VM (16.0.2+7-67) for windows-amd64 JRE (16.0.2+7-67), built on Jun  8 2021 23:21:43 by "mach5one" with MS VC++ 16.7 (VS2019)

END.
