#
# There is insufficient memory for the Java Runtime Environment to continue.
# Native memory allocation (mmap) failed to map 134217728 bytes for G1 virtual space
# Possible reasons:
#   The system is out of physical RAM or swap space
#   The process is running with CompressedOops enabled, and the Java Heap may be blocking the growth of the native heap
# Possible solutions:
#   Reduce memory load on the system
#   Increase physical memory or swap space
#   Check if swap backing store is full
#   Decrease Java heap size (-Xmx/-Xms)
#   Decrease number of Java threads
#   Decrease Java thread stack sizes (-Xss)
#   Set larger code cache with -XX:ReservedCodeCacheSize=
#   JVM is running with Unscaled Compressed Oops mode in which the Java heap is
#     placed in the first 4GB address space. The Java Heap base address is the
#     maximum limit for the native heap growth. Please use -XX:HeapBaseMinAddress
#     to set the Java Heap base and to place the Java Heap above 4GB virtual address.
# This output file may be truncated or incomplete.
#
#  Out of Memory Error (os_windows.cpp:3466), pid=10096, tid=12836
#
# JRE version:  (16.0.2+7) (build )
# Java VM: OpenJDK 64-Bit Server VM (16.0.2+7-67, mixed mode, sharing, tiered, compressed oops, compressed class ptrs, g1 gc, windows-amd64)
# No core dump will be written. Minidumps are not enabled by default on client versions of Windows
#

---------------  S U M M A R Y ------------

Command Line: -Dfile.encoding=windows-1252 -Duser.country=419 -Duser.language=es -Duser.variant com.example.primer_demo.PrimerDemoApplication

Host: Intel(R) Core(TM) i5-7300HQ CPU @ 2.50GHz, 4 cores, 7G,  Windows 10 , 64 bit Build 22000 (10.0.22000.120)
Time: Mon Nov  1 21:17:17 2021 Hora estándar de Montevideo elapsed time: 0.010307 seconds (0d 0h 0m 0s)

---------------  T H R E A D  ---------------

Current thread (0x000002f8fe601650):  JavaThread "Unknown thread" [_thread_in_vm, id=12836, stack(0x000000fcc8200000,0x000000fcc8300000)]

Stack: [0x000000fcc8200000,0x000000fcc8300000]
Native frames: (J=compiled Java code, j=interpreted, Vv=VM code, C=native code)
V  [jvm.dll+0x6681ca]
V  [jvm.dll+0x7c9e69]
V  [jvm.dll+0x7cb61e]
V  [jvm.dll+0x7cbc73]
V  [jvm.dll+0x242c55]
V  [jvm.dll+0x664f89]
V  [jvm.dll+0x659b75]
V  [jvm.dll+0x2fbfbb]
V  [jvm.dll+0x3031b6]
V  [jvm.dll+0x35299e]
V  [jvm.dll+0x352bcf]
V  [jvm.dll+0x2d3028]
V  [jvm.dll+0x2d4264]
V  [jvm.dll+0x79c741]
V  [jvm.dll+0x360791]
V  [jvm.dll+0x77a3f0]
V  [jvm.dll+0x3e4e8f]
V  [jvm.dll+0x3e6961]
C  [jli.dll+0x52fb]
C  [ucrtbase.dll+0x26c0c]
C  [KERNEL32.DLL+0x154e0]
C  [ntdll.dll+0x485b]


---------------  P R O C E S S  ---------------

Threads class SMR info:
_java_thread_list=0x00007fff6c38cbb8, length=0, elements={
}

Java Threads: ( => current thread )

Other Threads:
  0x000002f8fe642c50 GCTaskThread "GC Thread#0" [stack: 0x000000fcc8300000,0x000000fcc8400000] [id=20016]
  0x000002f8fe6539d0 ConcurrentGCThread "G1 Main Marker" [stack: 0x000000fcc8400000,0x000000fcc8500000] [id=19708]
  0x000002f8fe655450 ConcurrentGCThread "G1 Conc#0" [stack: 0x000000fcc8500000,0x000000fcc8600000] [id=16508]

[error occurred during error reporting (printing all threads), id 0xc0000005, EXCEPTION_ACCESS_VIOLATION (0xc0000005) at pc=0x00007fff6bb63ee7]

VM state: not at safepoint (not fully initialized)

VM Mutex/Monitor currently owned by a thread:  ([mutex/lock_event])
[0x000002f8fe5fdf50] Heap_lock - owner thread: 0x000002f8fe601650

Heap address: 0x0000000081e00000, size: 2018 MB, Compressed Oops mode: 32-bit

CDS archive(s) mapped at: [0x0000000000000000-0x0000000000000000-0x0000000000000000), size 0, SharedBaseAddress: 0x0000000800000000, ArchiveRelocationMode: 0.
Narrow klass base: 0x0000000000000000, Narrow klass shift: 0, Narrow klass range: 0x0

GC Precious Log:
<Empty>

Heap:
 garbage-first heap   total 0K, used 0K [0x0000000081e00000, 0x0000000100000000)
  region size 1024K, 0 young (0K), 0 survivors (0K)

[error occurred during error reporting (printing heap information), id 0xc0000005, EXCEPTION_ACCESS_VIOLATION (0xc0000005) at pc=0x00007fff6bf41eed]

GC Heap History (0 events):
No events

Deoptimization events (0 events):
No events

Classes unloaded (0 events):
No events

Classes redefined (0 events):
No events

Internal exceptions (0 events):
No events

Events (1 events):
Event: 0.006 Loaded shared library C:\Users\lujum\.jdks\openjdk-16.0.2\bin\java.dll


Dynamic libraries:
0x00007ff7cec80000 - 0x00007ff7cec8e000 	C:\Users\lujum\.jdks\openjdk-16.0.2\bin\java.exe
0x00007ff824e00000 - 0x00007ff825007000 	C:\WINDOWS\SYSTEM32\ntdll.dll
0x00007ff823c10000 - 0x00007ff823ccd000 	C:\WINDOWS\System32\KERNEL32.DLL
0x00007ff822700000 - 0x00007ff822a74000 	C:\WINDOWS\System32\KERNELBASE.dll
0x00007ff822350000 - 0x00007ff822461000 	C:\WINDOWS\System32\ucrtbase.dll
0x00007fff99ae0000 - 0x00007fff99af8000 	C:\Users\lujum\.jdks\openjdk-16.0.2\bin\jli.dll
0x00007fff99ac0000 - 0x00007fff99ad9000 	C:\Users\lujum\.jdks\openjdk-16.0.2\bin\VCRUNTIME140.dll
0x00007ff823790000 - 0x00007ff82393c000 	C:\WINDOWS\System32\USER32.dll
0x00007fffff760000 - 0x00007fffffa05000 	C:\WINDOWS\WinSxS\amd64_microsoft.windows.common-controls_6595b64144ccf1df_6.0.22000.120_none_9d947278b86cc467\COMCTL32.dll
0x00007ff822b40000 - 0x00007ff822b66000 	C:\WINDOWS\System32\win32u.dll
0x00007ff824550000 - 0x00007ff8245f3000 	C:\WINDOWS\System32\msvcrt.dll
0x00007ff824610000 - 0x00007ff824639000 	C:\WINDOWS\System32\GDI32.dll
0x00007ff822470000 - 0x00007ff822582000 	C:\WINDOWS\System32\gdi32full.dll
0x00007ff822b70000 - 0x00007ff822c0d000 	C:\WINDOWS\System32\msvcp_win.dll
0x00007ff824640000 - 0x00007ff824671000 	C:\WINDOWS\System32\IMM32.DLL
0x00007ff81ece0000 - 0x00007ff81ecec000 	C:\Users\lujum\.jdks\openjdk-16.0.2\bin\vcruntime140_1.dll
0x00007fff80080000 - 0x00007fff80111000 	C:\Users\lujum\.jdks\openjdk-16.0.2\bin\msvcp140.dll
0x00007fff6b880000 - 0x00007fff6c42b000 	C:\Users\lujum\.jdks\openjdk-16.0.2\bin\server\jvm.dll
0x00007ff8236d0000 - 0x00007ff82377c000 	C:\WINDOWS\System32\ADVAPI32.dll
0x00007ff823dd0000 - 0x00007ff823e6d000 	C:\WINDOWS\System32\sechost.dll
0x00007ff824c30000 - 0x00007ff824d51000 	C:\WINDOWS\System32\RPCRT4.dll
0x00007ff824600000 - 0x00007ff824608000 	C:\WINDOWS\System32\PSAPI.DLL
0x00007ffff7900000 - 0x00007ffff7909000 	C:\WINDOWS\SYSTEM32\WSOCK32.dll
0x00007ff81a450000 - 0x00007ff81a45a000 	C:\WINDOWS\SYSTEM32\VERSION.dll
0x00007ff81b670000 - 0x00007ff81b6a3000 	C:\WINDOWS\SYSTEM32\WINMM.dll
0x00007ff8244a0000 - 0x00007ff82450f000 	C:\WINDOWS\System32\WS2_32.dll
0x00007ff8213f0000 - 0x00007ff821408000 	C:\WINDOWS\SYSTEM32\kernel.appcore.dll
0x00007ff800110000 - 0x00007ff80011a000 	C:\Users\lujum\.jdks\openjdk-16.0.2\bin\jimage.dll
0x00007ff81fff0000 - 0x00007ff820211000 	C:\WINDOWS\SYSTEM32\DBGHELP.DLL
0x00007ffffc360000 - 0x00007ffffc391000 	C:\WINDOWS\SYSTEM32\dbgcore.DLL
0x00007ff822c10000 - 0x00007ff822c90000 	C:\WINDOWS\System32\bcryptPrimitives.dll
0x00007fff91750000 - 0x00007fff91775000 	C:\Users\lujum\.jdks\openjdk-16.0.2\bin\java.dll

dbghelp: loaded successfully - version: 4.0.5 - missing functions: none
symbol engine: initialized successfully - sym options: 0x614 - pdb path: .;C:\Users\lujum\.jdks\openjdk-16.0.2\bin;C:\WINDOWS\SYSTEM32;C:\WINDOWS\WinSxS\amd64_microsoft.windows.common-controls_6595b64144ccf1df_6.0.22000.120_none_9d947278b86cc467;C:\Users\lujum\.jdks\openjdk-16.0.2\bin\server

VM Arguments:
jvm_args: -Dfile.encoding=windows-1252 -Duser.country=419 -Duser.language=es -Duser.variant 
java_command: com.example.primer_demo.PrimerDemoApplication
java_class_path (initial): C:\Users\lujum\Documents\GitHub\Tic1\build\classes\java\main;C:\Users\lujum\Documents\GitHub\Tic1\build\resources\main;C:\Users\lujum\.gradle\caches\modules-2\files-2.1\io.github.palexdev\materialfx\11.12.0\b00a7de5ff498909e86a7541a01bfb82249e7849\materialfx-11.12.0.jar;C:\Users\lujum\.gradle\caches\modules-2\files-2.1\org.openjfx\javafx-fxml\15.0.1\5c36ae238f6d0d5782febed0af9a26defa7c0182\javafx-fxml-15.0.1-win.jar;C:\Users\lujum\.gradle\caches\modules-2\files-2.1\org.openjfx\javafx-web\16\d2f80089a4ae1629a5ec14637abf4f6d70b96dab\javafx-web-16-win.jar;C:\Users\lujum\.gradle\caches\modules-2\files-2.1\org.openjfx\javafx-controls\15.0.1\4df40eb93a7afd9ed3d7ccfee2701e9cb2215155\javafx-controls-15.0.1-win.jar;C:\Users\lujum\.gradle\caches\modules-2\files-2.1\org.openjfx\javafx-controls\15.0.1\7e951231ff36d704e8cc8b112b71951c9ccbc15d\javafx-controls-15.0.1.jar;C:\Users\lujum\.gradle\caches\modules-2\files-2.1\org.openjfx\javafx-swing\16\a7fea813dbe22b235a6350f0ce419d72877236ae\javafx-swing-16-win.jar;C:\Users\lujum\.gradle\caches\modules-2\files-2.1\org.openjfx\javafx-media\16\6d776658906fc25051734bc6b03f214cc72c808e\javafx-media-16-win.jar;C:\Users\lujum\.gradle\caches\modules-2\files-2.1\org.openjfx\javafx-media\16\2c564c4d3859447d7ef4c7490e2a48afe7a5db7a\javafx-media-16.jar;C:\Users\lujum\.gradle\caches\modules-2\files-2.1\org.openjfx\javafx-graphics\15.0.1\604e26ca8730f8d996b5c203532f85f4b62894fb\javafx-graphics-15.0.1-win.jar;C:\Users\lujum\.gradle\caches\modules-2\files-2.1\org.openjfx\javafx-graphics\15.0.1\55565f47d9d4e295f8bdeb8a6577e29b8bc29267\javafx-graphics-15.0.1.jar;C:\Users\lujum\.gradle\caches\modules-2\files-2.1\org.openjfx\javafx-base\15.0.1\49cf29d155e98c749fdeb517a97f79c6a9e8cb6a\javafx-base-15.0.1-win.jar;C:\Users\lujum\.gradle\caches\modules-2\files-2.1\org.openjfx\javafx-base\15.0.1\88d5d4ad546e17904516fd05be69243e54144af4\javafx-base-15.0.1.jar;C:\Users\lujum\.gradle\caches\modules-2\files-2.1\org.springframework.boo
Launcher Type: SUN_STANDARD

[Global flags]
     intx CICompilerCount                          = 3                                         {product} {ergonomic}
     uint ConcGCThreads                            = 1                                         {product} {ergonomic}
     uint G1ConcRefinementThreads                  = 4                                         {product} {ergonomic}
   size_t G1HeapRegionSize                         = 1048576                                   {product} {ergonomic}
    uintx GCDrainStackTargetSize                   = 64                                        {product} {ergonomic}
   size_t InitialHeapSize                          = 134217728                                 {product} {ergonomic}
   size_t MarkStackSize                            = 4194304                                   {product} {ergonomic}
   size_t MaxHeapSize                              = 2116026368                                {product} {ergonomic}
   size_t MinHeapDeltaBytes                        = 1048576                                   {product} {ergonomic}
   size_t MinHeapSize                              = 8388608                                   {product} {ergonomic}
    uintx NonNMethodCodeHeapSize                   = 5832780                                {pd product} {ergonomic}
    uintx NonProfiledCodeHeapSize                  = 122912730                              {pd product} {ergonomic}
    uintx ProfiledCodeHeapSize                     = 122912730                              {pd product} {ergonomic}
    uintx ReservedCodeCacheSize                    = 251658240                              {pd product} {ergonomic}
     bool SegmentedCodeCache                       = true                                      {product} {ergonomic}
   size_t SoftMaxHeapSize                          = 2116026368                             {manageable} {ergonomic}
     bool UseCompressedClassPointers               = true                           {product lp64_product} {ergonomic}
     bool UseCompressedOops                        = true                           {product lp64_product} {ergonomic}
     bool UseG1GC                                  = true                                      {product} {ergonomic}
     bool UseLargePagesIndividualAllocation        = false                                  {pd product} {ergonomic}

Logging:
Log output configuration:
 #0: stdout all=warning uptime,level,tags
 #1: stderr all=off uptime,level,tags

Environment Variables:
PATH=C:\Program Files (x86)\NVIDIA Corporation\PhysX\Common;C:\Program Files (x86)\Common Files\Intel\Shared Libraries\redist\intel64\compiler;C:\Program Files (x86)\Common Files\Oracle\Java\javapath;C:\WINDOWS\system32;C:\WINDOWS;C:\WINDOWS\System32\Wbem;C:\WINDOWS\System32\WindowsPowerShell\v1.0\;C:\WINDOWS\System32\OpenSSH\;C:\Program Files\Git\cmd;D:\Program Files\Polyspace\R2020b\runtime\win64;D:\Program Files\Polyspace\R2020b\bin;D:\Program Files\Polyspace\R2020b\polyspace\bin;C:\Program Files (x86)\Microchip\MPLAB C32 Suite\bin;C:\Program Files\dotnet\;C:\Users\lujum\.jdks\openjdk-16.0.2\bin;C:\Program Files\MySQL\MySQL Shell 8.0\bin\;C:\Users\lujum\AppData\Local\Microsoft\WindowsApps;C:\Users\lujum\AppData\Local\Programs\Microsoft VS Code\bin;C:\Users\lujum\AppData\Local\atom\bin;C:\Users\lujum\AppData\Local\GitHubDesktop\bin;C:\Users\lujum\AppData\Local\Packages\PythonSoftwareFoundation.Python.3.8_qbz5n2kfra8p0\LocalCache\local-packages\Python38\site-packages;C:\Program Files\PostgreSQL\14\bin;;%USERPROFILE%\AppData\Local\Microsoft\WindowsApps
USERNAME=lujum
OS=Windows_NT
PROCESSOR_IDENTIFIER=Intel64 Family 6 Model 158 Stepping 9, GenuineIntel



---------------  S Y S T E M  ---------------

OS:
 Windows 10 , 64 bit Build 22000 (10.0.22000.120)
OS uptime: 0 days 1:56 hours

CPU: total 4 (initial active 4) (4 cores per cpu, 1 threads per core) family 6 model 158 stepping 9 microcode 0xde, cx8, cmov, fxsr, mmx, 3dnowpref, sse, sse2, sse3, ssse3, sse4.1, sse4.2, popcnt, lzcnt, tsc, tscinvbit, avx, avx2, aes, erms, clmul, bmi1, bmi2, adx, fma, vzeroupper, clflush, clflushopt

Memory: 4k page, system-wide physical 8071M (596M free)
TotalPageFile size 17158M (AvailPageFile size 95M)
current process WorkingSet (physical memory assigned to process): 10M, peak: 10M
current process commit charge ("private bytes"): 51M, peak: 179M

vm_info: OpenJDK 64-Bit Server VM (16.0.2+7-67) for windows-amd64 JRE (16.0.2+7-67), built on Jun  8 2021 23:21:43 by "mach5one" with MS VC++ 16.7 (VS2019)

END.
